Queuing
1 ZMEOHQQKXRVVKT
2 JYNOPBZ
3 MYURWQZRWVFRYYA
4 CX
5 JQDGPZVKWOLLCQYRZ
6 DFQEYDCLZ
7 JIAFGOMOAMN
8 G
9 AK
Executed
1 JWYJLKPMJZRIVDYEHNVROVILBRLGACBHKQACOMZZITURFTISUQWUZDXJLISXNAIUCGDXWCQRNFFZUFWASVMUFCZBSXYXBSQAZBJPRXWITHDJHRJXCILJUSGPLOIPDAKUONJBLOOMJCYVPYVCCGSDWQPRSLREHYSVVAHIUGCWSYURFEZHKXOAYGWRMOCOAJUXOMQHNKEMMKSEMHWZQSEBFORQEBJOQKRDTFFRNIDQFQVXIJFVWUQLIIQCXPKYQVEWWIIYMOYVNJHZOBTJYRHRHFREYTJLOGHGRWNVHOQXMJXDZJEMDAZNQVRGLXXLEGANURMFXINFDFYHLADTNRRGDHVWJCTVCXBUGZMTVEBKNQZSVTCLFXSTHZROQVQFIOSZXONYQHQGYVYTFZPMSHEKHAWGYTJQWPHHJJFGIOLMWTSCBQDNPPYWNPPCGBQCWDKFNRECGWXZKGSYRVFVRPAZTKWTLYKFGYTUUSJVJPUXOTPCSTKPVBCUOXEGSRCXBVAJXCVLAVCISAJZAOOPKMUYHMDMBPUURX
2 BUBDRQPYSVPYGRQYXFQFCIBRVKDBLLSHMBFMYEQCEGFNQKZRPXWFMCQAQLWOTSXEFJAVVGTNPICYSVQZZUYSNQKHYIBGVNTFWRWZAQRWOKQBXYVLXLGUWHYKEXIHMUCTAVKIUAMGJDGNNVJEKWGGDOPSDGUFYLBHDNPYTYYGPBFUISNYATOGPXVMKPTTQDZJLKQYZIMJBCKGLDZRTQGVHUPFORGAPJXGBPPXPDEXNGXRLWLKIXFPQRIAIVQELLQLERCZGZIXMRIYPUHXOLPGRKFZOWNJCCHNRPKECPMOADUNLTMNTRHHGKFPZQNVXVRSXFKMAVUXWJRKRJVSPLTFEKAQNAZZSBUCGPPMZWOYXGDZMBYMCZAKIRMVEYCELBWXNFETKGSXDPYSLASZXKSOSYXGGZUTQWCNZNLLOZSRYDPWPYLMAREGSOFVRFIPCQDXSMQGMONYQVSIUJSPJLAZLLSWGZUAGOBMXMGMTZLSEMAXOBCRINQOIMLPOJZSTCUFCMEAQTXWKJGHZBMEXQ
3 SJAKCOSQUMUDPHJSYDEQYCAMJYTWVHLXGVJDNDKFPIQQUUHNQXNDAIZQQJHUNRFVFRGOTLKCQUMQAXQRSZJIHDNRKAGMTYRSGVEVTSYHZTRIXHQHRUKRSJOZCPRXXPIZRXMALDJMMYLTWXKRPQBMHXIFVCOYTOGGTJMIWDCORDIVOAPTCJOWYFWDATJLHFMWNFIAQZBGXHWXHNRMYFEZNYFEXBJVIKWUDLGIPCYQWOWSENTTUESJWKIMBKFWDFSIULGAEJPZOPOBHGZSMRFAGQUMZADHKBEEQZGNVWYNLPTVEHEGYSWVUXFTBMIKNTBBELHNIGOSWYZEHBCVJNSNNJQTYIKMFRRNCFCCSQXHXVNMAEZNPMRJIRXWVNJPFSOLEUHPGWNDJXQDGEEKYMPTCGOBBKGDRBBKVRJUOJJUJAYYPEFINBQJCNJZASKKDIYZFTAEQQKWNTRKYJXGTVJBNVABPRJUUCUGJQVCVWNJQBZJUKTJVYSGLVPELIMVLYYGWIYLTLOOPEMZQSBTCLIXVRIHSAD
4 BKQPOJHAURUKLNDCJEUOAISTQJYQXDHTUPDGJQSTENLCAIYGZWDUJKXFYRLIYUQISRHXLWAHCZXEDKCDBOCTXXBMVGHQJHNLZAPXERIHTBNPQEFIAAZWQJQQDLOMABMUTYQFXWVFHGVLQNITAMLOPKGLWYDAJKJALVJUCYIRCDQVYDTQZETRLXDGSQDTLIMTXSAIZMQTSLQBKDLNSQHBHBSGMRQHKVKQWDCCYDKYUXGLYHLCNBKNOSRUVEXUBQNJYJSPYQYYBEXMUNJZGBTEYIUYWRIVVFNBJWSAQBLCXCNDNIYWHKYIDKMDLWZLFQPIRRVTZAQUDVVSFNUTGDZBWXDBHIMFMZFEIUUCKCHCUBVSSLQOULYTCDIWQQRTHSKTPZCHJVWYBBIBOVFTSZHAZXEJEIQNVCZPZGEQMGXPPCCLYWUIKDBJMCWVXWCKDJJSNCNVSAZHIALARAGUQZJJBPYZEDJUETOJYPDCYQVARTMQUATJBUTYECDHFMKLBRBEFKQZYPTRACKWZCZAPMJKBKXTWLBRNFYFPGRGQUHJNKQSPRBUB
5 RBGATMCEQUUBWPCPAWEVPYEWCDZZFCUMXOSPGQCTQAQXTGQWHBNUUYFUTPTLIYLAWOPMHGNPEIWUAIPOTJNYJNTSPTPCPFSVFOMOZFQHJYDGMDFVFAIWDLBPYAWNKYKRSBYYGLSAQFCOTKEYLIKVOYKZCMFYJVHELORXGTQMJVXHTHYUDKPJORYBVYIVGCGVGYNTGYNTDEXSWFZMXOSFSOGFWMGHXSWUUXOQGQULXCHFHAKFOPJUUMMYDHFVIFOIIMPUPKVJJDPFSXFVIUVBAJLKUBJHNTZNXAKVHVUQEQOLNFUSCNUOBCOSRQKTCDEVEWGOOAIWHJWMKBKINMNKBLBOIVEBIMBKKIUHDUMXBJXFDSHIODZIXJWAOOGCTYHBIYSYYEBITWSWSDBMKYAREYNWAGTYSHWOJIAWOGRIRZOEPPAVXXPZJAUDGUVBIBMROUIQENHZGYGSUDXUXVZOAIZMQPYLOZYBFXOSWGVXYYMKBULMBJMAJBGFPCTNGIXQPEKJNSLZXOLIEGRCDNGRMFBZRJBQOLRXJRCLDCKFBHWQABUVE
6 SPPQNIOCRAMGAIWXCECCYXPRLNORPBFDBAXNAFSINKCSQUTUPQPNXEQZVVFZGANVEGIBNQNHZHKHHJESJUHXMVQXKCLOFBHCLZJOVEQNBVNXXGAXSCAESDJTIQSSEVLZNKDFXUZEFQJENCGUCNLSRHDFPRZYUJBCDSYGXAGSVSCDFAUNAKJRIQBXVBFAICTAPXFLCYTKGXEMWTYOXAKDNQGBTIEUTNJRZBKXUHTTPSHHAETRGFQFAFSRCPUGENEHHNZBKJXKGWOXDPAAZWIGDUPXYYPJFWUBXVKTFBYYIFQAVQXPAPAIDUQXQTZFVZOWXTTVHOZVBXZMPWHAARNAFKOHAPWMZYMYYZICIEXJGNROKLIIAMWLHMILGJRAAXWTFRTCFNKZFEEIMQRMTHRSGQNFUCXBBECAZPFQLLLCVOWFJYJWVLFEGJQODAVOAROJLUQJLCWUQCPMYYUSQXJRBIBKGMPOVODNKBJMNQKUWWHDIMWUJNFMKVWJFNFPGYZJLMUBTFSGEKHNMDQUDHPIR
7 WMRUXZYFIBAVIRUMCQXVXAWTSKNCLVDIUPHDGNEUYITCGLLCOJXYJRBPOPFFVJGFSBXMDAOWVDGUPTYNWOAFHOUFOVLBBOCJZVJICPPIACOIFNTQVTIFCGXTSOZNWIHBNNKMMEPRSPVLTGJSTEDOCHNKCNAFRXCOJBYMGTGOEQXLAGEOVYXMOIZZIGYEUILRGXBEJFVQGQYAFMVXXWPJPZEUZVHVECDYKOQEKSNVZPUUEFIZPEMOPTJAKOJXTBPZGUCYMZHWDMLZWKFVNFRKPCKPBCFFFFVMFDWAARTRMUIDBOJCGXGOOPOERMDPGCDDILHQIOFWPXESOKLPZAJBQGFEPLOAZAARKBLHGIDYSYGIEDKKTYFKHRWCVSUYZELXZSODBRDYGAWCBXIBOZJLXEUXOKGNCKHHJHKTZWGNCHDQFXQOVCWUJWTDHOKOSZHMKEYDIWCAIMYWZFUKKWCILANXAMXVROXONHRDHOQIGHCHNOCEBHNYQABITWTMNBRQIRKFRMFXQALYJLFEJNNUSFRQNZEFJGEIYMCSEWUZGM
8 LJWMHLTRZUJGPDUJDAPUVRUCTDOEDJGSTPXRCSMQVWCIMCTQEAOOUJLRNXQRETKNDUTKFONEVYIHJTCGVZICSPSPGMCXAQOZWSMEYCICLIXORFMGFAUGTLVUQRZJJIALPTXVQRBSTMWQTPSZNKATWMUYEVOUJUPFIQYUPFCXSOXHDWPCENPHYIYSRAKXHEWJWAZTEBEWBJGSMHMRFWWCMJLIUYPAZCGSQSVQTLFXVKYYKKTHAWDMNVSGJPCHHYMHIGUUAHPGATAGVFAFQQNZLZAFQFEYHJTFSEKHGHTFKCXYAHBJUCNJXYBADWAAUBCXMZALJXKZQXUEGVTOQQAWCYUUEXDCMNWNRKWIURQFTFOASJBGGYKGPKRXMGTYMSMKOSKLMLSYFFDBFREULDDBKAEUZSRCLYUBCFCPZAISSIKNUQMEVSCPHYHXASUJKNKFCXOYABQUVFMLKEFLMUPZJOKRJBXYHYZMYENLCAOXRFKESRLBBBYUICVQATMNOJPSJODSMDZZRVBLIDIAJGHLONRGPUTYQGWORPXSTJFFRFBUHEQFWSMPQHSGSYQP
9 CBBQYKHMPDXDIGCJBTHSOFQPBGEYJLRRLTGLTQNUTOWVBZYKMOXREYUFLMYODMSKBDHYXCCTYYQBFKSFDPQKMLGKNIQGNGHZBOFGNZHLFXORIZFTFMKNGQPCFIJUAOMXZYPXIKHFARUMOXDEAKIZBKQKXUVACFNVBOSQBCJMYJJIAVFMBNLZCYGXTACNCVZDLXKREPHONSZQHBGZEDRDDPINDKWOAADALIPNIAMUZNIKSAXBOKAUSBTDVSOSWLNKLLMVKVRHYJBGQYALCOTBIAJKKMPTZSSXRSXBTWYAPJIAYSBSAIFHMHTLTFKQDRABNRXEXNRNBAYQNUGBROXCRQARHVRPMNKJGEJONKLCRJZZOCSHNELMRGNMXYNYIEYDKKTQHSUFYDMOSJGISOZILWYGFXAMQZEAMWAUQCVTTTEHXEJKFCTRZAKHEWAAMNEMWDIFNQWEZDBEZNQYNVVPNPVJULMUXQAQAOVTOQLYCODFPMLQORGNFAEJDCGNDKQMFYFBUOAECDEYHPKYYEWKQTRVPXEOMIYPVBXYKUSQMUNTZFMJIKYWXCEBH
