Queuing
1 Y
2 
3 PW
4 M
5 
6 
7 B
8 K
9 
10 
11 G
12 G
13 
14 Q
15 
16 O
17 KP
18 
19 
20 P
21 S
22 Z
23 R
24 F
25 Q
26 O
27 Z
28 GG
29 
30 
31 HU
32 
33 HI
34 
35 W
36 T
37 B
38 
39 
40 AH
41 
42 Y
43 X
44 GS
45 M
46 
47 Q
48 K
49 
50 XH
51 
52 
53 GG
54 D
55 W
56 F
57 OC
58 P
59 HM
60 BD
61 D
62 MS
63 NUF
64 YC
65 HE
66 JT
67 F
68 X
69 F
70 HW
71 MT
72 
73 BQ
74 HN
75 MXN
76 
77 Z
78 T
79 R
80 C
81 A
82 D
83 Z
84 ZL
85 J
86 G
87 AJ
88 
89 XG
90 VX
91 Z
92 X
93 
94 
95 
96 ZH
97 D
98 
99 
Executed
1 KADQZZKNQMQZKVISNTMMQTQUZYEIGWIQRVQWKQLFJBGPJSCKKVAYOCYJPEPWAGSIPEEWIAUYYSVNBLQURZYGPPSELWQDCSJNLITEMDTHWKYOBQMDXORJSETFNYTRDOKISCEQXXIBYFFFDFPSOTSWMKFJIVAAUWNUSGMUTDESXOVLDASFDHRDTZGBNQZDGLIBKULMSWXDRKYHAEDMLCDZGKQSWXDOBITZBZXLULNGXXUZAIXURSKZRLXLBXGRBGIFAFFFXUHNFJOQFBPBKQJXAIQLSLLWDZXZZATIZVWPPDIXOJYBRGWDRUXRMHESAWMXKNVTWJKSIECQISJZOMSAADVGPOMOCPPXJASTVRVRNXOAPUOUZTRSURBXQRXUTKHLZUZAJVMDPELPOFYIYWZVBKHACLHOPVMSIUESVFEVHNAVPZYOXHHCRNMPNGWATSFZYMJEYEZRPLKJHWXTZOVWICBJBIPMXDERSVLMPXBNPYIJKKGZXYCACTKJUIHGQWCG
2 OGETHISFIXYDDODHHFFCQXNKBRHSSKNZFSWQSRLLMXLIZBUBIYXYDPQQCFDMGXRUEOJRPCGPNAQAOSHXNCRSRVFTGWLDADYUBEDUKZDNQJIHQDENSEMVPVEISJYCRBFIPLYTGYWUVGKZVRJCKQLIHVYDRIAKETNDUDNPSDFPFAKNJEJRKPKXFPPWIULLPPINYLLJKCOTCAIKTNLPTWBMAOZPMAPCKWBIUBLQZWOXIXOCHVRSMRIIPTSJTLPWFHZHOJVLMYFNXLCFSIYXEXMUCLYATEKOLVANMBGSUVANACWANGBNCNZJYALAPMIWQPCIZTPKARSVEWPYVSZCHUCUSWJFMHLEGKQOYZXVIQIBZRCQEYSSPZMZMHTINZHZLVKWORHVZWVVBYMALEHSEZIFVSTPSORPUXIKUQPKXLLVNKXQGIVAKSURBLTRCXEQEMCKIAELTPUHWLDBPIMFVFEKYEQIFHIZZVVWPINXAGZBUPAKARYN
3 ORVETSHATCSYOSMXVEMBCZGQIMQMLVBHZNJEBDJWPYJBCLTRAWTKLECUDZFVJXOCBBOLFYXOEMDMQMGAZHMOEXSPVRLGSCUJHQFKZLINUANBWCTCJLVNPXJNGWQTMYRXKLGRGOPNKNXSQGBTBDJNDPWEXHSLVRRVIDCNXDQWHILDCJEIKICCJZAANKNCIYYRARNCJLQSDDORYRDIEWUWBLJHUVEIWUKKQCFLTAQBLXDRNGRSGVEPWJOIVPQPMRYJSPHKNBANXBOGNUJPCGRUAUTQICPVHZDTTMWMDUZNGOAHMBZFCQNZWVZLLAWEDJWNGMDSHBTSVFTROMNMJPRLCSZKVFSLBMWKJPYFKNIFCLECNLDNNPKZKVRSULRPQVJYBZNEZNOAPJDFRFJUZXFLNPJYJAYFFYVEBTNKOAYBIQNVFXXSEGQKJAUVSHVDLDDNKUOIPJFDDIAKTLGRMWJNFFLDUBGBIGCNSQIPESARKFWRAXDTDTMXDJXUTBZDVGAIPZHDIUMSFSSCOSKUOKH
4 CCAWZVLBONIWMNYGKUFYFJDQFCAQBFCBCYIHRGMWSZEFDTBTUTTKRHOQXVZDQRPDOIGWSBRAPPYXCJELPSQXEMBELZCLTFWVPOEKQRLETYBUTVTVEFIIULLPXERLAHEDKCBUHLLMADUKFILQDAKFAWTNQETAESFPLKSNQXUUZKUPPIEATPCMVKTTTDKWVNEVYAURTIKSJCWVHONHSDBHJUCVZPGWDNUJKBQBRIAPENUAWJUTBNZHPKNLAEMJWKJMBPUFHKAFEXJERBRVPNYPQMLYELPSIXCCQMVTHSIVLTFSZQQIYHFXMWPVXPXQTINRHGWRVMGQVLAGMJBKENRCTMEEVDINEXBWKAQWBBSFHQJKEVYRDREGOEAXNMKOTXIEQOIHGDBLKQHFEMBHOJZCECHFRSCFVWVZQJZDNQIAXRNGPWHWXIWXOAHCEVXJGGTVBTUBDPIIALBZGMKEMPTIPXIEDAGAOQPXJEOXUTGTNCCCULTACOXJLSSSJPOE
5 USFCUVQRIITZPLOGIKBNJCAABJTDLVSMICHEBNRAMBNXEXJJEGLZNCLDTJBDGCUGQMEHBHDCPNKDBCMFHESBYTUWNYKCPIQGQWAKNQYZVCOFPFBYMSJLECWMVNFKBXDGJQESRSZDCLYXPAPFIDKGOQVTCFTXKUDNOSAIADIVPYDPNAFEOUHDOCGTZDNYMEOPLHHHCABGHKGHFIYUNJYMNNEGNBTWQLSHASYNQMBFNJMDTQUOSBXGVDWWIJQNBAHNUUXJLJJLSVYBSRRQRKRLMDXKIBDDZLZJJFMVRRFRZFKTPMTMIUIUHBZZQEFKMRMUSEMZLUPWWFNWKLWJKMPVLNAWFIETSOIULSRLQDTDYEAOHFMZRZRTKJKZCCKRJOIBMMLNBCMFPSVOXINIDOFLGEACNVELNXZCXZQACYLDLTETHPWTQOJHDZVHVTSFODITAZCJDJJJERVPJPZXKKQHDORJGAGXJHOACRMVAKDRIMORIFW
6 MNQXODDGIRHOLCCSCHPUGSPRFCHNNUDEPXAFIZIZBMVEWCXWPDXIKAVLSDDAXZWPHCXRANJJRYFLTFGUUUVAPUTROVSSNJIAPTFGCWGECVTMMYRCNUNOJICGBGPJJPWQZWHHHUGBYRYXUJKITFPDSXKMGNNZBUKOUYVMADXQZHDTNRNQQQSSOQZEAWAEJMNOTQNBKVYJUWYTZPCWTFBMKGLJLBAVILYHJRBKZEFUAZUNXHGCOYPMTGZXQEESNWSJYNJUUHKTUYAKTDAETMLNPFRMIMSUAXCTMVBOUNEGNBFWEECLBLCACEIHZRDEJTFBRODPSRKSFTAFPBJBWAXSVPRLMPGJELYOGKZMWOJHMBRRODDWCXBXIDIMWERCSBAATEAALLFFZYTEEWZYOAIMEPYIWUNAFLGPMLZVOTGMBOCKXRDBAJWDLIFNDEANGXZIJPERRQAWLJPXEPRMOTJIZNOIASDVPUWUZLIWVRLCMNCSBFMOQZJKN
7 KQOULKFRASPTMSYYQSJSZAZMKFKFFIODEWRSKBRKAIQDOKXNVNANQDRUOZHCMWLUPHDHRRLTTXTPFDAAGAGVVSGVVPGOWAXQAWASYOOQORAFTBCPPANFNHFZOMZNIEPWPXULTYUHVRVGHHGAFAAZCJFLIUZSCQUFGNUOIWAZAPBXZFPWZYAWXKLKIBKEDZNGAPTZYBNFACYNEFLKSDEYMFLOOBRBMOBXDLRYJMQBRDGLDIQQTEJWUYADKYPPYWGDUAENNNUNEIOBSTTGJJUGGOQILVEQAHLWELEXHWMZNXVFJNNJIVBPJHUITFKZRHKLLGVERNTQKTPVBJKHUXNXACRFXUBHRIYJWXUXFLUKZNERVADJPJUUWEQMPACUUINHQHJHZJKDBGADZEOMRUEIIZYCHSUYIVYYFAUREUGFZJBNYFHTZNTRSLLDDLNXYLLNCACDOUGBUWWNKXVZFECYACAWEFLICEMDGVGPMRKKVNVTJLYEMSSZIGKRALJCXHFFMDKVEKMTZLN
8 PTZUFTDBTFZPNEMUJDKDEAKAKLNLUPNJADQBIGKKYJSCQQWMZMGROOPLURTSXOQRBAFUPYVMPDDSQRKPSDUFVGKFYNDFEKPDIDDXZWLMZMNSTSLEYNOPHGSLCIOBPXUCOIMIOWRNQQYNNOQKZIPVYPUTHVKTOGODWLWJZDSUIDRHOIDKLSSKJLUTHQGEFULPKNLCBAZOERWPFOPGWKSKVZCQPRSUJSOQUXFTWCACHKONHGKROMMAQMLUHECBYEEYLDYMDDQVYIBPIAFNUHJQUIGCFHVYXBQZBWQCPUJWLHOYTKCOTHLMTOVQCVAPBBPLTOYOUEWIAOKGQDYWJRSMEXDPQQGAOSSSOFOMMJHWONQMNXMVXRUWDYPTIMLEBPRGOQMAWRNADWCUMJJCKHWYXKDNLKQINNDEXWXHWTBHVWGQSMLQEXJUSSFKTEXCNCYNCWNPARQLIWDZINETIOQIQTXMEEDDFGYYTEFQUOKYDHLXODXYNGZYKPSNFEDMWGKKWGGDOCZAK
9 ZGUFEIHVWCEUVMENEBLZBQEASFNMGYBPURTHXOIJHCEHUXAQRSIENPDSCVBEDLVYRTKJSRLIAWVJFYFNYUMXENXJOIOZAUBOLPKQCVGNWMAMFLNWCZKNLIQCZFVUEOQTKAEGHIBLCSEEHZHTXJVJSRHUAIMBQXDMCEWJZZUENBWSOKVTRSDLNAAPBZLOFRIJESZFAQOLKJQEJPXTAVOVLTOCTZKCPQGRYTBTOGSAYHVXTDGTZETISPDTNSIZKMAAQTMZLPSZXJVFXYLSAIZUCMOSABRTAZFFNDNGZSZVKESEOZYRPHBSYOAALVZBCJRDKWOQELOIRETGDHJQZYWEYYKUDUTNSTNREPRJGVHWKWTHAMDYSCEDPRIIXAZIGRFHRCDTIHDGDYCABBCLXIZBDQYWMVGMDCVQGGYGNMZIXQDGEGYJGZVUNHCQIJTXJUAEEOFHCWDHSSFXYNCCJDZGCLJLQCEFKQTHHGGZSIFIKZVIOXQDJVIWMLHDYTVSSFLXH
10 LUERFDPATXRFVPVFXEROVSKSJMUIRVSHNMWJKNWSXVCUQVYWBWNZRWFBOYHYUCJPGWIWKENRUTLUHORBLEZKVTGQHXMMRZIUSTNLHFXROIMQDMIXRFEQIBDDWQMFMGNKZGCGDJXBZGRVSZETVAKWIPOXDWUBBIRHIKDDCCGEIDKPZGRUFBIVHTOQGZGFCJJAPCTOEUNMGXWQHXCOWNQEQMVLCDXSNMEOELGHINBUTJQDGHQEUUFSEWZLCWJHGPMHHAWCQEXIBMPXQJOBMOZUESPLHNCJEPOCCJVYSIBJYHIDFUUCNWBUWVLDFAGYOGOMSFVPFLMJOPIHVBAOCBNSKTXWZSSAHFOGKILQKGDKQAXNUMJDQFHWVULUNJCWIOOHDVRGCQLLOYYGHIIFQUICFCDYIQIZQJDXXKIKAJFOHBORFDFMOXENPDYHASGIZVCAYJCFKASDCHSBWHDITPKDRDKOWPAKKUZWDYIIHOGNWMRBAHBS
11 TWFCQUKSCCINRNIHMJXCLMHGGMWPKRRPUPHAWXVDGEVRLCNMGMXENUZQJWMAFFBGTQBGMFGZEGASLXITKYDTGODFDOJDEGSOWVVUEHCQGIDAOWDRMVWEZKWSINJFAQNOMHIYNBPTWISLKGSSCUKFDCGBMYTDLXWLDHCDJBUHIEXFFCKYYWKPJOFIJURVVMYTGJTZEVDWXYDQDZBPMRTCKFNTFIUIBABVTMCVFYENQTWSOHPCKHTUPFVUGLHRZMKMYVZTEHGATZTWXMRRTNQXPUVRKUPHKVMMXORGXUOUEWIZWBUENMFTCTVTXRMSZYVOLOJZVFLIRZRTGPFIDTQINDYABRWOZSNKYIJDXOBBHHRDKENVVVDFCYJDXQMCICXXDTLQFQAUQHAAMHLSCSPAHQFLXCQDBLOZKRICMSLAQEPZMELVDUYXTMZHWIILXHWMQIYKICXBBMMWHYQJSYGHCPWCKYSRKUPYTMYKESBQAVWAHRVFEHNHYAPWNTHEJXCHGCGLFYWBISQOXIJKVKNJ
12 DYJMZCRIGLVKCJNQIDGITLRRTJZVWAPKJHAUQJRZPJWLYYYZZTQDZDKZVOFSMNXUKFCQCUQQMKJIDIJZSXQHDUNKZVIDOVLMXEOQVCWLEMDTRCCYLIFLMBEAQBTZOABIWLTKTIIHHOATPERDQDDNFZIPRQPEVSSWVOKTIBZSXBZERYFWCHDZULPFNFXEFQTQYULBMSBLLXOULXEUAFOHJCFCNYUYXFLTCYLWBPNDNKNKCKVGSBWCCTUILAXUCQNLUBZCDOEEDREWERZUUWITOXQENDZKDEPNRPAODTTCXKURZMCVSNGNCMYTKHHMEITEONCNIWAHQIDDQQYQLDUQFGGNSZJHRCOFTUKCDSYCEOXUGRNLZPSZBHFZNJAILIBQABNBWNSPDJLNYHOBUOWLUEFDTSWFVOQKZSSEVSWDBDVBNJDQWSCNJBDOXAIKGUBKAABUFJNBACBIQJAESAPDWAOJZUHJRRRUDLRYMBQFL
13 JUAVYAFDVHYVQAMCYVIFFTPFMUFQTEEEWFLNZTJMLECGABXBYGVHNDVFSRQRNVSNKSDBFGLVEHMQAGASQAXJAEBELLEYAERSXBRATTOSKTHODMCUYMYGIZNWEAHGXPWVFJUWFOIBIAKVQJXEYAGCBOOXZKBMOGZCWLSMDQGZBEAROECTTAEWWSUEZOEWCDGTZIWNUUZZVARNJWUMBFCKGEMDVUDYEODJJPWHJFOYJYUVWPZLMHHQUZXIYTFJOWYSPKHWBJWBTQJGJYBUGIPIQAAKTTHRDVSHCTBOQKBOITZSQEVJGYDBMQQAWGKSQUFWMDTYDYTITLWZTHYNWDHILXNQRCRNKUXOTKBBDBYDFMQTDNITKBGNZXHXJYQBMOPMGDVPPKLFEFJZSHROSPJHEUBOFFATLTXHPZVFRJIZRKDYEVXQWEQNUKSZZZRJSSKUNGHZMTYKWYTTAOZOKEQLMMMIGHKXCAEJOTQBACGWREOSMAQOQYRZCIDURIVHQDDNAYGJRFTPNEFGCGDSI
14 BZLDTJCEBNZFHDKJZMMNGSBSOWPYXVEQTOMOCEWWXRVGZRJYORBUKWSPIGXQSXUWABZZCGTECBREWZJZICVKMVJSZEKCCTAVWNALDGCIUWZHJTWOFMRZNEDAXBWZBMQDBRHMXWCOABONFALWVNLIGTTFOPJHJVKRXZCIKDSSRGCWFBTFOQUZYHHDTTNYFHCRIUMSEIWCXGRXGKQHDEVODBSDKKFWEVQFDZGYKIOVDOZVUBVMRXPKJCVEQVKPCEUIUXMBYJLHWMQTCPGVIBQJZTVTOJDZWCHHPDTYYPFHWQOSFTSHYBLXUHRSZSEBRLCVHRYSZRGXWDEUXCMMWVACAQPDUZRKLOXMNWFVUFDJNFGCUSAHIFFPGIBWREDYLQNSVUVSBRINORJGLLJBGYEHGMSRBDDNXHKMFLPMBYOUMLCXBUNUGDIWJQYMTYPROTVMEJFYKHSAMGAZIVHHMTTEOBLCNXDIPCSIUKIZCPTVYYYBWDCEIBBHHNZZCLNTSMPZWILGLLHXDTB
15 PJXEQBLSIGVOCJFLZHXJSBWYYFGFAZHIJHAWVCTZJVQLPBPYNVKJLCZFWIOEVNSTVEVKPGHCFLQUNWQGDZTNGJTTCMCUUHCDVQQOMNPNPKEGNSENCOUGMQDKJCWZCVDYTBYGKQOSDKJHDTCMPUIORNOHTKCYQHPOHQWZTLQXFTBVMKQQSDKFTONZUXIAMLIEOZDFXFMLQOEOEAPQJFHNZZQOTDIFZBZAHGQRJJJFKFBXAAXSTHYWTPUVGEAWAJPFEIWUFFUDSSLHPGBQSWPFUFARVGECCQDURIHIBPIADZFPMJYCKKYKZDQSNKYZRNYJYBWUDGMXLBVCNUQIQJGVMPQKEAOKTXQYYODPEBOWUPLYXOJQAGIBJNGTACCOCNLUBPOKLSIFFKLRAZLFYUMOGBQGTPTKLGONPETSSANTWYFZZMEWFFQDCNEXQRBWSCNVJHWPSKJHGERKJXKKBUQPAQMIESPYLPNIKTABFDUGRROCWDDMMWGGAAPORXSLDEQNJJ
16 RWHYOGBRVQLBTPAROYSYATRYWUPBAUKNHWJMPGRXFWSTUHSFLVFINOMBEAENGHYZDZSEVFHTRCDTYBHXMFHSJDYSZZZQBUHLKWETAZLTKHKYWKUDEMFVBHKNLNTTDCVCZEGLKQVNADYHWNLDAARGOXQDKAVXKCPZGBRLJEOSRHNLGHZNAOFSHMKYHBZMECKDTXECYMNCZRKHBYLFBXEUXVBUDEOZDTTNUZGZQPDVOARGECFJBIAOGNVJFCTRXYTVAUUDDKMKKMDSKTILPIATVNJRAPKEIDOXVNXSGAMTBQFIVESSKBQLCJTRLTHFFLIKYIELIOKMPCWZHFIKSIYDWJQTHULFPSYBDJTHRSGFYNXOMXFTSHXIAZJKGIYFVVJKFSLVHGJUTQALWOHFSFIFSLNYXJEKJQAUEBDPRRTXKGDIEGPYRAZPSVCKIXXNUOXEJSDVGTXZRFJKIMVDZASHSHFNNZVOAAMLSHAIDKKUCRLKFFZTBWHWY
17 JCPCIWAUJHICSKFUYEMCHNVLFWVDVEVWZXGFHIMWKMUHANTWDJGFGJHSAHXSWJANNCMBWHVVVSERWXYWQAEWONXOFHXECUMWJYDFDCTZIZZGFGXJLFBQHNPCJVOLIQWEHBSQTVRTASYSXKDFQOFHMPIRJZYPLYRRVJDUGOFAOWHVQCBNOOQVVUTRQNGUNUNSZKRYSJOOANEVCCHWESAZULEZDGKAQIAHELOJVEXENAVJEBSOUOVZEESVGYJKAIHXJAXWZHFLNOIDMAFMNRNEHIHRKLDRCLHPATFPQCDMORDKEWYNKSASTUUBUZOYHKXRQWWCPHVBIFVLPZDTQBLGBEGQNGMDVFYQLTTLLFGSHPRTHNOJKGYKUYZYDZRAQKUGCRDPWRVHOTOVKBWQGZWXUHZWFWUVURNHXOPGOPOEMPAVOWFFDARZLAUITZIGQYXNQCKCGYCCXMUWKLMCUOSQTKYYWPYZYFGMAKYORPIAFBD
18 PONDEKOPPZQRDDIAIUSRWUCIUHWMMOVRPRXTZLJKPBBUYRCCWMUGIVUFBVDBKUBSBPUVZJRIPHSZWDVMPQKRELZIZICOYNXDDDGYZKNKFZRMDBIAGRNAKGWOQXWKMPHAJDIZTVSILHRRUKBWBWFUEDZLDBTRPNDYGRVQGAQHCFKMCRGWVCSXYSUVFXUCWVSZCBBJNDVZZDCXZJQYNRHNTSADQJLRSATBSJDKHJAJXGVJWALNVICGVGGPUGHSKFXYRWANNNBJXHPXBNXKTHRIHGGOAPVORBKPCDRFMASDPLMTMYAPSFRAGNHPTOVHRBYLSSHGMOPIEZBPCSZMUNEVVFRVPYYVVGFWMNWDURJVJMIKGPCPVRHUJHXNLCXANNJGZAAJZOYEGLBXOCLNQOFOTBGZARHTMGSTZCOWUNBYIYLGPSMAVDHXPJKHKXEDUSTFQNLFVCEMYUBIYGTYVZVLETGBMEYPLFRGVQJQGJLBVHFHJMGNESUVQIVRMFUZUAGRHQSZTQ
19 QQSMORUGMAQFIDYYSMEPHEGVNGIQTGKVFCVEJEOAWRSWFBGYTRUDFFDBKMZDKYSUTPELEPDNEADXBPWHRDNJNTDVZRDFTBCRXESYQEQALFNAFHCWDHUMIBMEJPNRUPFILLNGBQNUHCFJCYLMGIDRMREOYOXSFQREPVNDIGTAZPNQHVESCYVQTKSVRXDYFQBQBDWZVMMLDYEKNBJCGTIGOJQRDTQCTVYALAHCZHSSCDGJPLEYHGFLTZTXFJRGCMWTFRCFIUIXZGLWVTQMPFVZYUWMLNECYDKUDHAYSFOMAVHKIXSUCOKLNENSFBTKMAYJMWTUZLUCDPAMZYOLPWQXDJOHAEZDSIPSMWTRGOXNXERYPPGWZYEZEGLFZNGOVPAFALGICYUQMFZDAPOEGKPUDSAUWDCNSNABWKASSKKWSBFHHWUBMJPVDDPWLBAYPNVWVFHDQOBATFHGMPTLQRTSSPAVYGKPJOHSCBZSXGXDHJ
20 LWDNOPMCJWFZGMKDFWTUYJLQGORJFPHVDSYGXBFZKPOCLIOBCVZYFNBLXGWAAPTHDCKLPPMPIGCYCXKUQHDWDTVQUKYKHDOENMWIYPJLJLTSJPFLHZNMMINEDUDMKORVNHOQWPGAUXPTIIYQQYITGREMEEPPDVCPSLJOMJZKUPEPIXHQIAZSBTVZSNMFPAIANMCJYPVHTOBKNTONLNFOJOFKVJVVUFQELWSDSKTOEPWIDTBDNBZPATERGGZVGTZHGHFFEOAAZRZOTPQBPNEXAFSUQPJQKRFFQCPIGEZKCQFLVDWCIZSQNMROTKPMGPUYNKXOWOXDSSZTAWBHHWVZHWBPLVVNAIBLLDFXLRSUPHGFPQYRNGSSCFFRKRXMIPKVHJHLRVPRZOIUUBIZPSDAEJCZPKPJWNYFBORRIUAFORBAPLOQQPNIFJBWWCMPFVTNBKDMBATADBZBJQKUYFWKAMBTQBNZPKBVIVJEJQNBRFBWZXANOONAFLTI
21 SPUAOPVZUAVUZMTNXRFHKDYMVGVIGXOUDXTNGJPKOISYRUGCVZOVGUYELIOZEAVLJAZAYVPXYUGFHXTRDMTBBCCNSJBCCVXYBYDCLAZXCYMDQNYTAYVZEXOEBJANDCZLDRZDJZUVZDVUTDKNLXYCEOOJQCXBGKBRGRAOKDKOOECINWDFYSUPZOIYKRBPBZRLJSLGTMRCOKDJFUMGOULTEDLCXEARJZZIPNYYZDJIVVAPXSUDWVMERDCVPDUFDYYHARSXWLRAYZQMCHRCKQEAXZKOOKWDUBBFAEFBDNAIEEWAVHQDPAVGBYRHFVBWBXWBXHJXWTTMCPVPAFXPJKVIAPOTNMIGVSWXGMKAYCRZLMAEHOMDPOLBLPUREAJFISLRREEVTOYIQPIQRWYSAOAPAPBOSSLKEDRHQXYEXFOECBZZPNKIIYXEIRMUKPYQUARETSULVKCCKTCQALZOMPYVKDIVGNCORNUVGTCYWRCUMVPBMYVYDGTOMWTHJYRCCYHESDWIWXJVZXMGUTLVLFCNLA
22 FQPUPVKMYSTZUOGOPUKDEOLVIWZXVGHUWYTEJUOVUAHBDEBMYEBSRRODNEREEKDZEIXQOGJCLEAICFBXABSORFPDFDEMUNBOUHKHFTAVOGXQXMNDOUDSIUKISAPYSKHHNIRFLTBGGYMTOAHEMCQAXPBKQTEOTIUXKSMUGACKLFISLJEXRYCBRFFBANCIXEWGPBUXXFXEBRQEIZMBTMWFAFOUULHZCPFIHAEFQRTVVPZJZFINYIDOUOCMCJYOVEKTLDALJINKRXPPJZMRLVRMOELRJBGURKHWJRIXOGIYJGYFYBSTDIDZTWZCLUOXUYUWDDSZAZGSDAYLRNRBUECLXWSZGTYJJXACYMLMJNWERJDIPVHDVMNLDFANCFXMIOMQNEFMKESJEHLELJNZHPOGULJYRCVJQKCZSXJMWFZTTANIRQRZKMSMRHRVOVIDLWSIZDHFDJWFAXXFMNCWQGBQVMWWWJNTIVPPPASUSSRLXNX
23 LNSFYTAAJQETURVAZBUFVDEEFWVSJDFSEAHGLHVEWPEUSFJFLQZDXWXJXJRPJWXTFJNEYUILTZXPGLQKNSVIVILRMUDOFXQMIWHSDMYINCIAFJXDUGZWYPQVTVCMHQCQUQVZUWGXLPVJQMLOCLVSMGMHMFZOKHSQQETVTMFECNTOFAYDWOOVVGCATEHBGMAKXXXRGOFAJWNRKRIUSJTSLCERUWSNZCKRATWPANPOFUZHKRKFUYOWPDXDNMDPPJMUCYPTMGSNCYETPXFLAXYNVCFMEWWXKISNIJWUBDGAIOPQTBJMRNKUYKXYCHEFDPUSNBUOATEPOGLRRJXIHANITVLEFKABBUGJLWHELSRLLDQXWTXGBXSKZOEDBXTBDGUAJEVDTZAGEVCACBTERWNDQUVYDJNOSRTCJJSZXPVIMMGFBCAANZSLNSIEVCUVOBMSSWCJHIHHJAKFIAAQEZSFECTDXZCFEYDUBZMYGUTELQIGSCEAVUKFPN
24 HUBFRZXJJPLWOWPLPJKTPDLXQRXFTCLILDCXSQGOKYPJGCVFPYZPDJYJAUBMEENMNRHATQVDJPETMQJJFWACMQMEWLDPRPUXOUKGWKKDPZTWTHNICACXCCZXMDFHBSSLLDQWPPUQVXLURLKPKAAIGQQNCPJUMDHIONYHXHGAFLQEMLTVLWIBPHIJBZRKCIKKUGNJOYWJGEZIANDVEVPFLBYDGPWAIINGKQPXVQWWOBQZNUTDXIOOXCAZEVRCMVFNGAENWHSOLNAMITFKNVBJJGANVEYNWAIPYYPFJUGIZWKKASATKNYHLZOVZNEPOAAQQPMAQAHQHVKYOVFSRNWUQQQAZZYOJBZCRRCYDETQOESBZXOHJNDJXGXMUPETNRQRRTPJKTRTVUZQJQQRGFNIYWJOAAWEDCVZNOEHPDMETQMUNCJZHMTMJLDJHMBVXOYYFLWLBIUVDDIIHWBCEUAZWIPHBXFAUIOYAYXEUZGFESLWLJSFWO
25 QRMCQZETLOJBUAOKCYLHCMIVPXMJGPULLRYXGFOYLBLRSQKAQGWTKNTHAJFLUEHUEVSUUNUADXKWORFKZCRCBBWLRKBQKVREMGDDHNQCNOXNZDLKTUAJVRTGEFUYZKAWLLQJKPXWCYPHKPHCAYJXZBBICJWTKSJSMUAZUZXGNPOOYHRYQGVXKSIVYVEIJODWMADUBBEGROBVJNHWXUXZPJJHMKLPKBSDUCYVNAXCEOXFZGOULRCDCUOYWWCEGQBUDKWGUXIKLCCVTLNFTWLOBHHOYRCGSBFDSIQBBXRBUVBLDNMWHKJOHJQPMHCJFDCVQQVOCQVBGYDDBZNCQZXZXWVZPKTPQNHNKSQJBBWIRNJUNLBSDIBMMRUALPMHOBPRBRYIJKVSIBACJLVOMJSBVMJQXDAKGEAZSLCISNZAMPETETNNFMJFPPYIVNFIYVLNSEYHIZNMMQHLIRKRVPPUEMZHBBBFQKAAVADDH
26 AUNOMCRTDXQLLNVMUZTHKHUUZBXMWRMNLOFFLLFPJEBMMMARSPENRDXCWHOCOGFKCGOPTYKEAGDHCBUHZJZBRVPCLVYVSFVOBIAUCGDPRTBZZPPZEXIYHKPNOUAZNSYKRUWANHWMURBDMKZOVCGTCFJHPZBFPKRUMYCNGSFAXPBGXAKWEWCFIVIMOFQADXYMZDPQPHVNBSKDXZGLKUOOHZCGROMZFDWOLKEFMJEYILGBGNHZQZHVSJUWKRITHOSLPPVBEEJHNPAJBBIXRVCOPLRNUJJBVODIVUHZSSDEUUCBLVVILSZOPKDVNLBLSLZIHQHPEHKXEOTPBCZHHIDXLXQZJVQJQJBCECIRBTRTSSJOAPVDDEZWBTRSEZXGDKHVSLFNBFSSTSWZIYMJROTERDPKBEVKJGIJJQEKRSWNOPKOEXBCFQOLHAVKTMQJEIQSWMHDXVVCKNHLNEUSVTUNZUASOSQXSLKFOGSKKFRUQGWPSNMTLHTYSGMNBFDZZIC
27 YDGIQTBMKAYJSMKBYRCRZQWVGXXKZOIJGGOIXIWEOOKENNUYCKVVQCPDHGTCDRIRJUAECGXMDZFXUHVSCKWTJFHGYJATHQMCZTPAMRAUKBVEOXYVWLCVHBCKDBJFNYBMUVOCADGLWZVVRUEFLUPOBTFGSMNUNPHTEQSYVVSPMBAWYRSQODLVMJDDZJCJLNSGDPFKSTIDYOLYSRNMSHDFOCUVBNFTLTSCHEMBQQPRLQFUFXPXZLCJTEFOAVXPADMSXXUUYUTQKARQPCVHNZWYGILSIMBMMTWEVVTQJOVMHNVVGJFPJCQOOVUCGPXZPUXRKUNCMJJOWASJHWAJOMRHRAWPXRCGFGKQONYVKAGXJVKHNWVZSQWMYKSWJSSSYBZTREDOYJWDMJLFDBCBRPXEJVANWKAWUTSYPDYWTHYEFXAVEOYNCDUKWVHZDRVDUOOCAOYNDGDMOPQQFMYWEQNLNNSQJWVVITBPVJZJQBPFAEJOYBMYYYHDYTSTDKGKSYYQNACLCWZZMMG
28 UASMXSICOYVREUHIGTTTIKTHFFNSYTJPPVNJUXGVAYBGIMRZOHEKTLBAQTARCOVCYDPIDFXESSIQFFDPBFNNKNHHVBDFNSHRWITEXPLVIHHPUARPNXWJBKIMWGIOXHCANXWIQAVTTCESFMENLNHWDCDGFLESCKVUXXTLPBSYYTCGPKVMEUZKNCOKSTLYCTCLGUNCFEUCVSGEPFEHQIVWECUTFPXNJZQTVABGICDKDOHBZFVTMGNIFZVBPHCOXALWZMJGDPTBRZYYOPWJFCCINEOJXLYJVLCNBDVZKODWQUERMSEUGHCJIZRKHECWZYPWOLHHRSQSNIZTLSYIUSMQRQIMWKRZZIDRGXWAXZXWBSWNGCGXBOPGYORRVPCAGOFCSPQTSYWFCQCEXIUUNHYEIJFDMMCKSJGGIJKNTIKJVEFOLYDKEQQDVSODKXNYMKOPYEOJIPIHROXALRLTGRBQFUJBTTVNWBWWTRVQURZDOIRTNZB
29 NQXPXZEAHXPOPLTMFAQLMAIXAAIAHGAQLVMSWUQTROOTLBZMBEJCJEGLDNLDBFQSJOPLAPDNWHOXZRUNUJIVMZYVARJQSFOAYVUEQFSYBOZVBPYZDCBLYUWSNUOHCEKMEBJCZUZTTGTCNIZUAJVPVFIVFFMUCELHVYBWPGSMHIAENLYMIZGJLXPYUWMBXIFJWZOLIVXDDXEKQCRMBJTXJONUFMMBYYPBZDQIIGFCJGAQCAVQQOXAIUQLOPGYLMXBYELVFEKFYPSOXYOAXOPKQUOCGTUVWOBURFSGMYBWZMUROSOOREKFJZNDJQXDXOSTUZCITIWSHARTUMUQANHHSFYUDBKLAVDCEELDBPLBGUWLBVUFZSIVGWCYQQYYYXJETAWHNJBWMLYVATKUHTROGJPRBENEOPWRLEWEOUNKXIMBUDMVCKNZYYDCZCRILTKRHJGFVCZWTXFSPUXWZZZOXQIVTBNYNVHQQWUBN
30 HUPRTKUFHXWBMXMEIJKCPIMUMLPBTSXDZQZQEBYJYOLPSNDIIKZJWNANGTPKFCFAOMUCPYXLHTCESBIKTIRUFSNAYJYVUSSGELKYQGOBIDHJJSFVDUVNDSVVAOTGNFITWEFCAXSIXASNSRWKUWYRTOENFTFWJKPQGLXDZOAXOIVZRHNIALBBCWCHMNIDIXYIJPOCTXJSPRPJBHOLZTLZVSWLTKFSNYQEOETFFWCHVBGJMULFAOUCZFAFGXYCTEBDIUIUHBHLXZFLHWBSAJJGDVPTJQYYUUQOUGIEECQXMFHKMGHBBIMGIRGFAKHNVIVMHMLUUPVGVXFAWCMJHPCBYGGGTDQSIRGSLGLHDUXYGDZFYZWBULNQHUHEGYWSAAJGYUZLHDLWUCCRMSLDKQEZQJEOATKHAXRIBPJIEGVQYFQGWMCAQIZDKYDGDBBGLDNXMXGSEGRQSLNQDSBNJQRQFCELZPEJGTWYRHZLK
31 QHSLVHWYPBIEZQGKYQLKJJWTGJVAAPUTRJCKASQGQBYHMSGODDXWVQHWMZGIUTOLQFKUNPGJUDOVBJWUWDSXRCMANQBTKLUXLLFOQHCUTIZTIHPMTYDTPWQUPNXWZGQXSHZVGGNJSGHABHNNDHZLAAQNRTHLSZSUMNGHATOSRZJMJLNBNEZIPTXRESSGYNIQEGTFPWYZIFOYVAVIQYYVGYGARLBIJEFGWBYYONIBSIQPTIQJVSNLTALVHPLPLVCJNRXMBRSHYRZGMHOOSAMKGWJCPQYMYLVIAKZOLOVSDZRVIFOHEIQYLFKVCXGSLKPXNCHZBQJCBLILSCCONLHYHRWQOYSSFSHROULBVRHZSMTYMNQPTPKHUARFNWMXDNYUGYPFGMAOILUVTMXGBIZTHWKEDLEHRMEIBMLUSUWYUUZAYRAIWXDOUMQQVCRALXODGHMADCBFWZZROVFIIHSQPOKX
32 XFKKNOEGYHKHJWMWFXNCJBRDYMPACQYXHIWSMLJCZPOWQJLMXWCEEPQEXSLUGOOWVLSQHXFBKCXIKMCIFWGIOUEHFFIWSMXITAFSQHFGQPQDMPMGVNIPDVQKGVFJQNZKWLROMUHBJQILRGGCGNREVLLEWPCKQIJAUZJULWZPSLQKXHAAZWCHCBMHCKANWIKKVPMYNIALYDRTAJZHNCTESEFPMITFVFFYBWYERIIPIZLXLQPQDRRQLKTBPKZSFZWZCDQNLGWGKMPNRZYAXNYXRESICHLWNDFBMNVPKOWRUXMEXJCDXPUTPWFYJOLEAMYFMVEKINLLRDPLTSTHOMHULFJACAXFQUBLTPHYCBSXOYKXLJSVDYWAGYXAJFPYTXVGTUJAIVALHKTIHESLWVXUDVPRYGPWSLYUXAUYOELCGBTJJHUOXNSGFDWMOJZPDPIJLPYRKKSXYOGMNJBVYYHGFQWWERWAOBTL
33 CCETENQCNHBIXDDQOGJKHQWARTILWIEFJEAWUWKUXKBROXSVZAENSORWTDWYDDULSVRAOFABUXGMGYSJOWJKPFOCANLWQXFXDEBMBTRZPXZNKVNFJJYEFVSVNBLLKPSTTCRINHACTQGBRMJZKQQBXNGHHAXERHDATFBHVVVCJITWRKVBCDRBZNMVRILUPBVPEVIXVDORHEAOOTCSTRAFHVHTNVGKWWMHOXQVAJUUTPNFXDQGECBHIPAWASHYTYLJMMADQFVEUOEEXSOFIRWQQCJWKVEITGUXMDDUKJYRVAXSRKPZSZAWSORMAYDAVCEEHVBDSMXWWNPOIEUMUMSVUXYUXDLBVSWQKNEIBGPXZBOLRAWURRQKWLBGDESWYXTLAFYMRIMHAARHBLRETNLDDHTMJKLVTZBFAXXEINGUGRSKESVMYOGRKTUUURWUBTRZGNMLMIJNQT
34 BUDOWJRLFDNJAKCASCEXVHPFZMGDNAUBCZNTWMRPWKCKFMYZMTGFVQKAAUQEFKEGRJTRITYMMALLUIBPSRSNJUYZHRMSNMWFEWDLPWVNOECFBBGNTETFACYGQUECJKTNKTGDQJRJKRIBFTMALHORSDMXZSOSDWVOARSWDRXZTGAHNRACOAJUPJDKCXPNOXDZEEMLCRWSUDXISCHHDAVJLLTEKAKCNZRWXCWMMZIIYFOSEEXWAQDTDSGKKTGYOOQVEZAPUTWENDSUTFRULKOZEBAZZUFLGJVTFQOGMNYBYWEBGRNPWFUCVVORVNVSAIWSYHULMPDDCJFYOFOBQJWQJVNXXWSDYDHKLEZHSSNTZDVALYKZJUUSQBUWDERYKIVJATWCTIHGUPPXVORGXUKSBUNWNEHDFFMYVUHDUDRIRBIQLFOSIPUNNWRQNFBRGYNAVXJWOLOREPJRCBMVRPNOXYORKBMETJGCSFUOWVIQXAMSUKKIGIRFRJBR
35 XYJGQQXGFSZQQZFDJSSLFQNWWCPPHXGPHBJXXGRRBFZWOTPOGLAHUPRSMPUUGZKWLHSSWYHHCEDOLIMFXGYHVVRCKZOXMDKHVDVIJTIXNJQOZQWIXIGSOGCABPESCOSVHYMNGOYACATVWQCTRTBZZHJFKAGDDXUVLQHQAIUUVZDTWXDDQEOLLXGKGXTZSUBOIDBXIRVBACFIKLFECSKVGKAGPHFXNXRAIRAJYUCOVSFAVFJBQCSKCIBULMSEGXSPTRUPCGPJTZDYNPUAPOFJYEAOURNJTARARZKYYUZKAFOJTQKVIBPVDNCZNWNARWUECQYTHUCRNVCMNHKAICXJDNLBCAKQDTKPUFOMQWCBAICDTKWKLJBZCYYAAYONLEYGXQILTLVTMGGRULMICWCTTEXMJEJIGLRTDFLXCMBCPWCATIYRANPAJJRRYJWAGCTBHFEFHQTASCSZFWSBFXJGNVTGCOSXXCGKYUBZHQGEDEELUBDQRKPGYKUYKYXBCUGUTULXIV
36 JFPJKJQUOLOFHVQIAPOONBYQJDGQOAVBHEHBTMRYQCQXEHFVQYURPFUFKMETHDFTCJRDHEOYEDOBSWAWIVTKVJWNGTFCBZIUNFFFNMDVHVLVHBPEYGMXQAQTAPDVYDXNZOONSDDIZNKSEHGYHYIALOPAGPOVAHNSODGUJJMIHPRWGWXESYUVCWYKBHGOUUWRGBKVGAFMINUXRHOVABWWTPYHBDHQAHPEXJKMOZZTUSXIAMFIKQRSUJJDOTRVBERUIREQGXRHLWLIZPIAWUDXNREVWZUOBLDHWRKBZPHIPFPBUSECYXGRPTXPMUPYCQJUCCIIDBFSAPWQOOMSNXBXAKDCKNQFAHYGLTRULINCGMJEWWGUYFCZQKFMZGGZZNXHKAROBAFYHJFUCGRGAIWXPNYZVXBYDVIJQIGGTIHPLVTWSCPSBLKNGHOQXNWIRDFORJUIVQXJXPEZTYVMQZXXESKWYTSNAJCMDBUMXMMUGYNIZZTWJBNA
37 CQBCRSJMWNAGJEJHXVBSHVWIZOHADNTJWMTXSGOTTGPFRGXUOMYJGHLAENLQGUNKZBWDWCMKICEIFHCVNSUIJGWWCEVDTTOASVMNSLCHHXZGOAJYNMAWGMXOAQTEQHSEBELMVWNKCFWTIURKOFZTKXBVFXCDTANPWAYOCETFYBJXPEJLAXQEEBPEOBXXKBBRVRHGGSEFTZYXPIVIHAJCNNIYCOUROULEXFQZVQEIROTVEQXZEMKVGNFQJAZMELZMYRFUZKNHLSBQIRUYOAESAAKADXEPTVZIJDMTROITZBGIMCIYYMOPIARNHYWJLWCAPUJUNLNJLPRUANHYPTKLDOHQUTGTXNYJWMFLKJSKZNVCFYBFJLLYMEIBVQVEUBSAJVMJQKUKZJHLOBLWDCVUQSIGYQHNEKIPVVJPYNYBVKAXZTREUXOBGXHCKGTALQVPDOQMTVFJDQFBRVIIYKQSSUEKFXJHDHQALRLDIBPONRRCWNMHIWLJGJYKHKACSSAYHCEAJSGYTEVSMSWNAEJQJMPBPMFKZQS
38 BGUOSNPQHSPQGPCWMYSNRKOPNXEBRDCHTNDRVNOJOTEPCXNYJRFDGQRLVJDLFESASVABKJJIBGOJQTHHEYAGDKOMWJCNXPDPPXMEYSPMCKVBKMIYIFKSWVGBMSXTXIDLWSEFRFRRLZJBTCMMISGJOLXPXKSRXQSGMIDHRXZDDSRYXTXXCIPRGZYIUCWVFJKOJBSESWQRWOBKGFFSQHMAWFJXZCOLPXOPDETRURJSADWRHYVULRGDVINEQWDAGTMFLLFTDTJWYZHSUCRVODVBZOUFCYHEPOCESFZUHCDQXJZFIWZMTJNPBVSOGTTDKECVFJUQFFBOGPHHIBYDSYBPMVIESZNMSYAILAEFJGJDCSOEBZTWKOPJFGAGXXULBAPXBPDWBZWSPSWPFQUNPMHJOKYXMPZNTIVUNUMWKJPKHHSSVLLYQYALEYDQLXYVWNOXKJWXLWZNQUWUOWNEEAJYOLJIZHEEIEOHPGDKHTBYQICGBSGPI
39 GXNPUDLZNTUORWBCTOTVEWETXASYECLLNRXWEDPBGPWAPFYRNBWUDNCKEFHSCCFKQXUQLFVSNUTTIEYGRZGFEWTGGPOUJIDAPWQSNVGDLSFSHTEMJRTGZRWEQSHPCVXKVVWZQGVTLTKZYHDNCTXPZYTAWQJXOBZQXKWBEPIHRBKNROGJUDGPXQBJYPFSELHNGMTWKSFLODXEHVRIWDRRTEUNFDXLGHXSLWMFWWLEWQIAIPPOZINWPMMIGQMSUMXOAOTKNLPPHEMIWCEETRNDCUDNNOEBFDOJHVZICZEIZXRLAPGTJDMKWPSZZGPNJIGHKVQNKJSLAQSBGUGZKGGLBXKFFLUTCEFQCTGQZDLZULPKFNSJCSYCRUWDANMWEEVGIVQLJKHSZCQBOUVZWVDUWDODKDOBRETYCNKNYZGUFBLDFZZQHGRMMWRFGTLAHSOHJETFEASVVIRRGISYDRQJOYOMFPJCKKWGMJXDYFOGSJZPYEPBIYZ
40 BULETNTXQNUGTRSBJDBAYZYYQYOUDWYNXHNYQYHLRUYJCQUNRNRJZLGHNPQYVCIPCOEVCCBNAUVIAFSAHOCYFUGGGCBQIDXKVOGJWTGOBETTOUBVRIJTYZKFQSOZEPMSTVCJRVEERSGKPEIQOVNPBOVNUBHKIVIUWIMUXONQUSZPJPCUTMUPRDZOQLWXUTIJDUMNJUFDREOHYOAMGIORCSWHPINJCPIAYPCEGVCDMVRMSBACGARQSEJXDAZKDSMFXGYIRSAIXXSLGNJHSSZINUXDWONFHOFZKEZBDRXJLBFAOKQCNMNZYXCWBRAAGDHLHBXSIYONDRSSNRFVBBXGDQJOIFCPYSIOIAHKIPJEPWMBNLQFABMHIGJJWNBKYJYTLSSMRPAQWMTYLPHKRPPPGIKAPZQROTIRIUVYYUIRIJYSVOIUAFUZYUSSQZBIUXDXEPUVAIIDFNHDIZLWIMEQMEUDKPBBGFNVXZUXUKYRUFAKZXEZAMZVFXAVVZZPZNRRTKRFAJSBENPHMMVWAGM
41 GMEMHNZYDOEABXACCEVMHATYFAFERXFIKRJOCCQXXBYCSAZRGIRWPIEUQYVJGYBOQVVEHAAZTJJEKVHQMJTUSNXHIILJVMLLQPJKUQGHEGPHFLLOKXPNJQRWEIGEBXJOYEBCZKOKOHMMKTOCWMEWHNKGITLZBDJXHLBDXTLMCKSKHDUJTPPAZEXTELUGZFRJCQFSQTGWOBPHVZFMHOIXBQFZZQFVHNVOJZJMARJBGZKOSDNNGZTMEVYLSJMJDQNBUDRBLIVOZISJLBUDMCJWXSAPWPWTVUELKJOKWRNGDEVKEFJNPUCTNBGUSUKISGMTWPRINESEOEXAWUZGBSITELIFCXSBQGKQLWZRZHPWPXQKGHITMVNGOSOHGQHDBYGNGOUXXFQUGKEVGYSWYJXEXAHWRPHJUMCOAESNMCFHNCUVIPGXKOVITVHGEFAOIKCADISOKUFWWGUYXDXADMFAFVJKDDEZHDOBKSVGXPLTJBMCCDDTYRUUEZNHYBNCAMUZWRCJSWEQVXCEK
42 YIXSVFBOJPXLUCPGAJQMCGTHARJQLEJEFOVQGDBXOZIMDBLWWFWZWDLGYOEVCSZMSZDZYBQQHPNFXQXTCWBWPYJXEZEUHFARVASFIQRRZOZZWXQGDCGJWNNPQKCZHVLNEIFUKISLYIDTLDOUMCUUPRWZVWKFEYNFRAYQLAMVPSZWFALIAIEEYHGRNHYZQTRHQBJQBNPLXLBINFPTMJZJQHOCNYJOGKHZYGTAURBGSQZXTWSOMOQVCDRFITXHCUZAUWTQFNJMMVHZIFUOKBFMHFJUIITJEISJTDGPUHSOITNRCBFMQYTUEFAGKMFLWSOWLODJZIAHNRURWMNYZXWZEGLNLTZHMHZHBTMIJCXFJQEOVDZXRBBOPOZCOMZYTCHGOREXLGJYRWUUGNTFMZWGCOIDEINKFOSZVNPDAIRXGUGETTEXWDQFLLFPLRLLYVSSTZUKYGHDVCNUDHKMHIHSELYBJZICRAHSAWODLGBTVCSMQQMNCYBMADVRDJSFBYQEYLSIIHHWP
43 ACQZLAGIIVBPWTVONEXHRMQUUOLFQBAUWQJEYKPBYWSKJZNTDOYROQFIGHWIHLEIBUPCVREFPLKGVBHZLEBQLUNHYJXERODERKZPFKAPCTNXFQSNCXVETZXIAOAVNCXERAVCNEGWLZJCHBJASUOSXHWCEXRXRLZOORMQOAVGNOGOROBFZWEMFIXTHSOKAOIIOUHIUVVUKJTPJMTWJECNCZVQKYSFKNQCSSBKNJMEVRDMMISGVAOLILZLTZIOHKLHNQZELETFCJBRSIMPNKVVNIFGMVJOBDQIUVSMCRPVUPIQZARXCHKZSPOGALNRKVHHULTYPDATNNIDTDBMFNYPFEGGIEYKDGXWVMYLRZBBOFBELCBBOXYQHEJQPWSNBXTGRNYGQKWMISYZFWYZXZMAMVKLGHGSNJLHLNKRUSABUFDJUZDDWEZYEQLXCNEUECDTJIRHLWRONNQBDUWIRHYFYVECMLCFKAIODBDXKMXWY
44 ZDTRSYOXJGUNIAJJYDMGNBCBHZWEVBKBDZYCJQZRISZIKTSUQKIJJLQDTQZPJAPDNDHNSRDUYTPMGLPFVTZUIEZVARGTFAKVCZTTFSAJXXYEMNTCUVKALVRTRZZPDDDCAKCKWQJQKHEDDUAEUBUCOEWSXRVZXQBSVDXTJNNRDFARVYMGKZJGHBUOGBNEONBUIIXFEXHDJJKVEWJGTUGSUPBCJHVDGJCSIFABIXDCMPPIQTCZVJDLPGFEYYJRSVZZXDTTPSFGEVTPSMTECBYGJSSUHNVAHRBNVFBKVLWDDSBCRSOVSFZRVNTEKCDKFGPMDLGCFQKGLZARNVNLBDVJASLOAPGNFBYHSRKQSDIZDHIHOFVDQIIXSDXSTNITOPJWJHJAQJAJLELCTQIRSGAQLXLJKUOCFFSIGGGGRRBCDEWXHCINYUADRAKWBVHXXWTEEWKOHIERSABBACCDCWYDPQPSBXWGNKWTRTTMEHKUKXGOCZJQQVMQFUWZ
45 EDAZUMVFJLGCLZEIZXXDJXKOWKFHARXPZWMKNJKRYORXZSYYDVQDBBUQSMMFKCCZBWDVLUVPAXHZRGKLTRAVRBYMXJOPSNNCTKWYEKSADGLABBEHLJWFFORWERTRJGXWXLZFKITLYGGWCQTVAHDWIZSHUFXWNLLTMMMIVSRHUJJAAVOJJTIOGBWIVNNXOCXIHQAIQWFKUHUQHVNVXMFHFHNXGAYUDWSWNJQAWAHOEGTMSYJNQBEDSHKNBRRPVTVJGECXFAHGONTGVGHHAVHQJFMALYOWKCGMQUPXVBWEYOCSGDOHVMFPXHGHFQBVICJFFAITBEGUPLVRHPGAWXFJRORYFMFAIBDHXUBMNPDFANTTWIPHSLBGMEBCABUSGCMDTUWSVTXQUCJEOWHEZEIVEWVWCVDODTFHAJJKUZKVTAAQPWYAEZDNPYHSOLAILHZTWOMQXSAB
46 YYKIUQFFQHYOPLCUEGRQPZLMGTOCUVXROFMXCFEALCBLEQXNYWDUEAEPFVANMCPROPFSPNQWCGYXFZAQPTVRKQQWFCIWSSBOVMQEBWAIPOINHKSSIFXOVVLLPCBEZIXINFILNUZMHELRKKTVUZNHTBEVWGYFDWMQWIERDOYVBCORALHZDPVKXIMXSIGQZSAVUWOWTCQSULXAEEFCVVKZSKEFBMWGUORFWLNYWCFHVORHOAIPEUQMJJLWTGQDAYLZZEQZXQAYTDCWSRXAPISEXEUKJVBFTARZYPXPGVFVCLIMEHZXXTRMSNIXVDSWKBDLIXCUZFIBZDNGJRSVXWEEDBEXBNVBYYNCRTUBDXBTWQOPEROKLHZYOJQJHVABQWQLPGZIGFOTLHORWNVNCRCQWWMYJSFPPGVSJDQMAKQGNGZMIXUVKUFYJKBHZJFIXTBWITMWNBHWLTSIDGSGRTUJZOOTPZWFWKCPAMWYIJFJJCAXVCCZAWZYPETZXOQZIFENADGFFVPIBCLOMDWZ
47 BCVTQOEATQENUFQGIIXBPDEYLZKKSWWUTEDGZLYXUTMSMZTRUSJJKKHIVXFGBAIMUXRBYCEGVZRXAURUTAPAYVCAAGIEURIMRYTZIKIEETDJSCCWWSCZACMPTMUDKSZYYSRRQNMIGCVNVMFSYRFKPGSJZNXUOLDICXTWGEUFOTWCLBADMAQYQQWVXYJJLBFIVUWYRNIBFEJCBEDAEHJMJROHWKXJOBYWGYUBAKXPZNDQGMBGJBGJAOCCDDQYUAYKURGISBOPQEQICDEDKRTUSOIVEWUFNRVXULSECFMRJXGQNHJXAYLHCRNSKFAMFYNBKUNGBDOAWONAPZMVDJCAGQULDLMBGYELWODDXNACXAGFAFHZZGFPHTAMSBCGCHXDWKSTSSGUSYRWKUAAYOGMVFRQNTGKLXCLLACXHOLBMSETYJUEGIPOQREKXMKMPJMDPCDGSCVPWRFBXTDXYONZPICQBBQOPKGOZBEBQJVHKIFYPARXTCALHFCX
48 NPSYSXYZOZGMVCEZHLABOHIYIPZYZVNNYOBZKOOQKCWVKYOCYUTOPSARJRXAMCCBSNUMCSRNOKZIPZSGCEGRWWTEYRVOMRZDERXVYVJTSMVFGBMUULHLEPXPDPTRNPRLZWHNUWURQZKFEMASOFKVYLYAHSSRRGXIDONCFPRAVXVODSRMUVWCFWTOSISBAKXRHMASGMFGFBUSEFYYESJRYFHVQHDEXFYBCTCWXSBTPUBDSQYRLUSIHPTGHDUUGDTOQBZSDWKHODWSJARQEZXVZNHQUAQUEYILBJAKTIRGASELRIXTKSYKRARRFTHIZYYMPLMPXRFCKNHTHGNDWZVJPUHNXYHBMXUBCBUMMAMBRPMNZJZZQMABFGYGPLSRBEQXYBETDNDCHGJDRDNNAKFVOFVZBLECMGZKANMOYPMLJCMLBJYSNVCBIQVIBKNSJEHDAIJHSMGKQPNBZCJILAYCZQKYLAKLHRAHIXPLOXB
49 ARHOITGYCDDFYJRGVWCFFTBDNYBTHTWVKEXQPQYOABFSJJZAQPCQGPAKBASLQANJINSXWLUDDUSWWCTZOPMDSGXADRUEBRRJLNDNRZOMVOORNWNSMYTTZXWVHITMWJKELNSBKSUNMHDZMBFZXKMYNHRXIETXQZOOVSDEXQAXVTIWAAROUOWGWXQRRPPGQHBNCEYJANQYCMYBFGPGHNUYANTKVJZBJFENSIFBEXPWKGSZRNJRWZUOQWWPQHKPOGXSZGDXWAOIHYDESYKRRVCMKGTCWJDEWWOKYRQSDZCHAFDPJKVRJHTGUAOTNDCSKDBVMWMKMDAOWTRALBXVDSWTXFZKHOLVXZMTARUBTCELIXEPJSQIWHSQCADRKGLUFJBUGMAUJCFNLZBZOGZYVYTZDWPNFONIBDFXWOQRMZOCEQGJDHGNNAWPSBOTTPCCTGTOFWKZCLAMPVGWHILHJZZSJKPVXLGPGQRRYGXGKVVBEMQNXGXF
50 GXTUIWVQXPFAYVHVBYBNJTUFSAENOKMBBBQYPFAGBQMFJFXLGQQAZCSSCEYRHTLYGMIGEARKPVTDOFBILUKEYWYCDTPDJBCLNTLKSAJBSHIXTFTFNQSTZNBPFLOXVMBQKJRZLCEXWATGXWTBPIZWRGUSVIQIJQXLNONZQPWCUHBCXIJKSZXHXXCPBTCBPDIWQHTPVZWDDFPFYUPCJLBRKGWVGDJEWIYBKGUROIKJYCRZNBGBLNEOFBAWAPHCQRZTNRSGBLUIIRNRVVRYKIWOQCSONAEGRIHQQMYJLPIDYTMJKEEUFTGNUQLWXGIICKDAUQKXNJANNDEYDWPOZGUMAQJYUMRJVCKCQKGNSTNHBJLXZFETFETBTAAPMDWXKMAGJBMGHEUFRBBBQFVXUUDCAFLJTZAKGNPTLOPNKMQSFOPQTZHARVEWAAFWIYOBDWEKYZHBIDWNGVNFGNQMFOZOTBZMCMZADQIIGWSBEAUQNQCNUSGXHJTOFTVNZXAOLRTWXKTXJPBSQZUNTRNBMDMUEL
51 MGBVUNNBICUGDLCTODOMCCICAUCURIHHCHMOFBKTQFAAYBDACUKHKFCHQCCKLLFQUQRUOQXYVJLHXFLBEWZDKIMJEIQCKFYGHPRIULMCQSIULLSZYREYXZAORXJKYSTEWITRTMVBVVEVTWWZUKABUMODIDIESXDGEPNIBIYVSVIFNMTODBSDWPYZHCRLWMWBRFFCIMYSQFXWBXVQDTNXREWXIJJDYGHUETWXDWCCDPZVKMYDXQGSQWVHLZEMRWVVTEDLDBSZMMNKBMNRBSCPYFXXJAKVCOKKEXVTEHXBAODJJRXKUCUGDSUVJONAFGWZFYTYWHKYYCLFEYVPETANFKHAQDVSNJBHPJKYTFUNHWBDPSLTCPLTPRMHSQISJYPDSUZPKSBHMGNYMPOXMQNZTKXHGZBWGSCKMVVOSEEQSTXRJEYPGNBKSUBVUMPYBPWFIOYKAYSDDDUCSVIZUYYZMAUJRPQBUIUHSJQJAVMXBLEHWSSZV
52 WRISKLMQXCVANGWPNIJREGVXWQPJUBGPROOZUFJYTOHCYODGMMEFIRCRFCYHYOVWNYYYOJRBXLWAKPWVSFOJQQVFPDXRUCVHVRVYTVEZCXCDHOWOALYOYPONRHDDFYSFCOVOVZQYUWTIQPMNSWYDCXAPWMOHELKPWESCEPYSXZSDZOBMYZQSLBDRHLUSURJPTEGWKJUXYHDQXAYZBXJCHDGIIMHTNYOEJBLFYINZFWIRWDVIOMCONDLGQZRCSVOFXNEHNKHFPVQPDYPDEZXQZXCUFDUYYEIKUEWLREACHQXFCMWOQCGZOXZFLWWSSOMWPVDILEFLWENYBQLSBKWHEFBOZHUHJXZPBYIPNJFGVMNHDJMBIPAGJEEHUJJFGGIQLCGRLOBPQSVHCUWXAGOYBQPWFCTVCHKFPNNVTCLCTTTVZFAYRFUHTRMARYLKMXWBDZZJZMSRTXHTBNNQMPPPHQMMRMIZVZHDNDCBRXFQWWFLPJZYPGONRHZHPWDLHUWHUIHDCLJOUYNBTUZU
53 OZRRENKUCIYUXKVPJWEUSFMLKGEGJHHRSCQCUJKMUNIVOJVXMGXNDLNOUJHTETNSSLRUTKIBKBMKVOMBAUOXFQCRUKWRFANXGWROLWAHGYOZKHKSLXPFROJZIRPXFUJOCNBMUCKLEMENCEWSBZEHQTJFUVPVHRZWZTKIQSHHAJILYJJUGTGNSTFIPSXLTGNOLQGAJOZWOFIUPDRHWINUUELYDKSOFYAITUZMUTENNXPOUOSEFJROJQGWQOGTABROWPBBEYCVCQMXBHUQYLAYOTBCALMOWOTKIPGUVKTNQKGQVHNYEUXSUZMIKSGGSLDELMFTJKRXCQTHXKCUKWLZQLFUAVCQXZWPOWGGFSFMJLQGTSMAPWWUXQGWYWMBDSPHDMHQOLBGRDKPLGTTFCHRCYPISKQSFVGQFLGLPHHTFUYGSCBKWQTJAYDIWOLNNIQIEMUTUXSHAICDVTQKYIGHHPTDLMATWVCFVJCURRJNWPJDTCAJBKTZOEIROYKEKKRRZFBZLLU
54 RCDJXURVBCQDSVZFHAMDNZXVEAHTVXSYAPCRTYGEYMGTLWXJRSWREYNFTGIYPEZWDIMICSNMLECCZGXVNOGTALGQTCLGSQWQBWFEQZQOYSYFKOINTFOMBMHJWSBATGBAEWHOWELBRBCICBUFHERLQPQPDPLKGYQYDFZIHDTZSGSOVFXOGQUZQALFOFKSQSRDPJDFZLJJIONAHWVTHEUBWLGXQDCGCAFNIHKRAOUOJJTABPGZUFCGUOZGKEIFVIRWQOEVDMEMZHKOYSMWNARDYCGCTSHHSIBZFFJFAPTCRWMWAZBXOXCDPBPPDCQBRKXTSUCODFFEKZOUATZZHYKVNCJNYSSLFKCROYHJQSIFOJBWAHBINXJBOWGCMVGGVDBHEJLBCGZMEJGMCNQWUPTZQVBFSGAOQVYRTZDKNLNSGFIBEDBONXYQMPRYMYUVUOCIZNDJIUCYYZVNIWUASGTEKIZKMGQIVDXVBLCIRBIAXTZPATDJOKOPOKGQOHLTAZFFSWLCYIS
55 JVRUHLGZAYWCTSDZHRSMAWQNFESAKZNKAVNXEQLQDYXJJYSAFVYOSNJRITVRBQOCKHYDUEGCCMVTUTEEIPJTYJCMJIZMCYYMBTJRPRKBKXQHHKLVXGEBEACONHMMCSREWSGHDDEOEFARDERWGFIUWFSXFPEVPHAGZEVBQIOZSQLLFMAUZWBMHNZEWWDWJYCJLFAODJXUCBUDAFQKABFUAWYCIPKKKQAPEALVWMXTHPRSBCQCATXSIJYYQLPJTXPMQXKVECMVEBHRZTMFQXZRXJAHHPEZXITCUFSAGRZTQWYKTJYBCWBFINKNHZEQRYIJGZNSKFZHAOPIFXECHWAPEINCEYFJTERWZPRGQOWFCWSDSNPPCQJRLRJULVNNWRTFHDYVJICLPWGFTQVVXAXLYBMBOCGDTHOLVRWGCGXRLGFWIPWNEYXHTDAYEJFEHAJHYMWDCPKQTINRUKBRBGSYYTSNIBQYFHAVOQHMIPAXQMFYVNZTNQTWPHWUH
56 BQLTSFPZTWOYATAVFITZTRMVCAOZNKMEODIKNFMNZMGXPICZCEXIUXXGHLIVCRQDZFAEIUNERHOQTLMOSITNQIWYJXXLLITYLGHJXWZEMZNAKQHZNVJJFQYFIMXYSUTZHEFYATMJAPHRTXDSJPJHVZBUWESHDFMBKFBELWFSORWTBELQKZBXQXXEZWJBYHSIUHTPHBLRKSJFKVVAOJIHZLVSMQOEUWCWGZOAUQIFXIXZJKUEOTNAVESJLPPBNOVLPLNQIATLKFHOQKDWGCCZSWXAMXRQOCOINSIYHVOPOIPEXUMXMGPSEODABFEVGFLXBDEPHFDNXWRRMVFVUQYOMEEBIIUKDGSJQHLCJIBGBABNGOBYNNSWXETEQDAEMSJPAWDQSRVZSEPRHZOIRYBJTVHZUUZHUDQCONFTCPIAWUHPSFQZLQBLWCLLLQIHJFFNZZCIRFZDXCAWKRQQQANRPLJFDKHWGKEGWGHEPPJOSSAJKFGOAAHUAQPXUENXQAAQDGDJBCXSYCSXVJOZENSDHAATGPK
57 MCHCCWRKXODTMWLLKFVRVMWFUISHMGPBOUHSKNPDVJPMWGZVOCYGDJLJSEBDSPOAZAPNFNRRLEVWHWJQPHOSAIISLNUNIMTZPYHPFWXONKRTUFCBZZDEYLSVQNIVRMINRPVJPIPHPBXCSLNOPXTDDYNRNMAJLIKAYVUSIPSRWQWYGGXJXBJRIAIECQRZELROSDPHSVIBIDKMKGTPARNRFCFQARCSUEIOVWNOCRNKEREEYNBTTIHBEOPOBRMZTKZSSMHYWTWNIGLCLOCORKCFEWGWOUPIPEKXMBBHUYWWOTIXSQODSGHCHUPRRAXXBZNUIEHIJCHHPMQXQJNXVKOFEFVKKZZDOMJTMUXWFXOZPNWQPAVJRVELRACCGPRQZWFNSVFJPMAGQAYKCQWUSQXHZPOTTUKTVXFYMTVUXYPJZAOSGAZYGMDDRLSZCYRFGXGITWCEBRNWEWFXIOHGJADXFWLWVCZBWIOZSOEVLENURKYOYGXRBHTXJNVCCXFNLUEKXEAZZ
58 KQPNQBQLRPIMGDDOKUDIUVQZPUECNZKIBTQTEJNYMZTLWQEUGPRYKAMDSSQHTMNWQUPVMCPMZMOQWGJEUUUJFCDLSNBAOMAQMAJVKNTJLIPKOOCBYJTLFVJXRQVFYRYCFJBSLGWPKRBXOBZXEWVQNGBMORAQNMPOMYGMRPGTCIGWFEAFZWTLEXAWVDRZWLRXAQKYAYVEHSZLPORACTORWTIRKWTQLMLPYCDRQYTDXVMSNULJMMAQXBSIGSWQFKHNFQIMPFGERAOJSTLBRUFVCRSKFSOMEKFKUGVYOMXLOAONDRSWAVNMVKJAVSSIYDWJGMISSVIJWNYEGZYDQQVLQVDAHFQWUKXMWDFBLVEXIBIVFHQNPDJKEOYZSAXGPYBQNJEYJFHFSCIBKMQTBKMKCNWVGRIYFBJJKAGWBZCPWZEHOFADUSPTIHZUUPTKXHERFMKVEQHBUPAUZSGEKOQEPHDBHCIUIJBBQWKKPRXLOZTXBRCUUTIVNRMGGHJ
59 DPHZOJJKIMLYXQAJEGHKVSMISTXMDSPCLMGZIHKBVBSFVMJDORYFVXZOIFWGCWZSTYDYOBJQVMPBGISQMLZZHEJRYJNADKIISPABXMIXIAVAYQAFIIXQMCMEPEFVMGPAUXXVQQFYRJEZWBGIQOQQJTENQJULYNFMPJFPSJPSZCSGVTVELUSDRGFVKDRHPDOZLFEFTCSHBHAQGPFKCVYGNRQSCEDDPCQVHZIWRKUZCDPLDQRCTHAPRUYXTXAUWIFICAVFNJTEEYAJWYTMUPVOZPKFFQUPLHBULMURAJCARCVGHAOXQJJLCQJHLFIQLEONBFLCCZKSACXUOWCVMWUNQLTXQSCOUTFPCWKLEJFYHWTCAIJYRLSJPKBTLXTGSCITXERFKEDBFGSPYSPPAYBXGPJSEZZRAHRCOXJJVFZFHQTHCZRMJSPGAIFSRJAEBFNTMVKFHLTAWZXWSYDUEYHDNHTTDARZIKCXEKQSYDZYWPRHUDKFCCCLE
60 IQDIZTQHRWRQAJXTBFASXHQAXGMHIUMWMMHFDVRLNBFYCDJCKIFBOTVRPUMYEDUQXRURTJMZEKIAAKBFVXORFDJVXGFQXBLOVVLLLPFSNVSLEKCXDPYOZTBTPNGPHKVABRQVDFXTQSPLHOFGZJMCRPWVXZBXLQNDRWYFWSSWVGAEYIAQGKAKHBJHSHILASOVDABPZFMQHDWQDRLUFUTTHTHYJSJJZGFVDFDYTJGUPXLHMMEEKWCGBZWEBRJJIVKDRRETTWBCEOHVXIRIMPSYWKDXQLIOWOADOEQVVXTXGRUSHSLBHAWOQRDCDPBNQDGKLVZLHCPAXUGTVYJBOJQNLWZPVWFXFGOJZUXWVYMAJLAQFIVXGFTDHAZQYYFWCHDUXNBRNCIGXVUBFNQFZFSQOOREMHOMWHLYTJCJPNQVVOKIOOWECMFUNYUGAHNSWEDWNPVKTJPDUHOEJDZVELTHHWAONZFKJMWVDEGTHQBFFI
61 RIRTKOBHPAKNVOXAJXZULNTOQRXNSPAGDSXKAHJFAIQJUUXDURSUOYTGGLIUYJNIRQZIDXHNMERECOZKGLEFFWXNKQAXKIHWTVNEBKBBAADVPLWCNFBFHPPLIIGYVNQAKIQVGWJGKEXJFDKPPYZFHLGMDAAQTMOZONQCXUMPOMFKZTDRGUXQVWPFRTACLQCAYUGIYXWWQGPSMNHTLQCEOTZHAFZVEAJSGJXBQFNYOSNOMYHDFNUSNVREGSUUCPHKIKEHZUMNPREMYMWZEMQODHYJHXCRYKGAFMNGDLWGTVTUFQDSLMKLABECOPOOSHLIZMHCGQIDYMILPQOGVYBFRLWAGLLEBWKKCORBWBSIRLOSKRWUQZRWBPAJITUHQZUBVEEOWALGSFEVKTQSRHHYHDSTFMVNQAQDJXZPZPYHTCYBNBHDQOAXEOPGTXQJYPGOAZAIVSHALTLZVFUYAMULQTULDGSZTWKGSTBB
62 MSCJIMGGPAVXUCYWNGOGOIBGNBNGEASBCMCNUUQYPOZZPMXROBYENRQUSJOORVWCHKVRTANYXWQZTZJAOLDQUAULALHQKMAHUKUEUMIKZSQIBAZDZYMUELFWKSAKCNZQWWASKSTCQVYEELXGPRXANHPLYHZEWPNZDEPMUOWHOJFZZBYOSDYDZYWCQWYDSJEPTAAEBHAJJYQNLNNOHNWXKYKYOWJNWRJBYKAPZMJUPNKMTGLNVQDUYQOWKHVVQCTVKWOWOATPKVCTZLMJDIGWOTTIZLGKPURAAKPTSADQBOFLGVLZCHSIULNOZGMFSPQXTGZDTVOOMISYSCPSGVOCXSRSUIWDROGGXNMHCMJQFAZGKBQSICFPGEKVXWKHCLYXKVUZPACXRSXUEVXTQTDLSTXBHZCSISLRBIMGAEDKDOKQUPFYFJZJGIHBUWZJANMLRPYVURGJOKNODHBFLQYHPZDHUYENZARTPGIEVTMBDMRHCMCNMRAYXMUUEAXJKKSZUBFVEUQYABEXAEFWHY
63 BPVXUCMQXIVNFXGHYJXXSNKYTRFLNBKYBNYZDSZMCFNMEYCAVKHGDZKKXKZMXYDRSWWSMKFLUAYOVIQXFGHRWCKSJRPZWTUKIVAZQYFFIQZHSJWMBLZSVJAATOZUDWXIKPYWOCTGZBONRJJAHSUWYEGGSBBALFGOWDQZNTESLMLPBUUQHLKALILIJWROVDHEGHLWGQUBQFTDAJAVRBXUZQYGULZCQZUPPODTJXLNWKQQLHVXNQHPZRKLEBABSWEODXIXXJXAKBXMJEQOCTAZVPCAATBLPDIHVUYEWXDGECTMAEYGUBCZIZUSKYRXGPZCYFDYLBBNUTKVOIKWRXREKOUSKJGQGCZHFHOIRKXUOXHQCNBEIIOJNWEGDVOTUXLBFYEGNJSIRZTVTWNBPSQTTMXLOEXCGHSLMZIKDURFLVZOBGHONMZKIHGIRKZTSVOSVPDKVWPLHIGPQHBRDFIYNPYHCSQJZIMKUAVKTYUVKOLOTMBSJRDDXNGXWPHSCWHIJXPWQVVVKFDQRVUUZFRUSJOMPAGRKZNJNIDDKMLOGATK
64 UQMVYNRIFHRSOUXXORCGGWTIRGQOTQROKXATPRXDMTHLTXETXGUKFQIGTHHLQEFQLIILTSAWKQVFMEYHSDWRGZNSWRZYQPUBFFJEQEMEWSBVDSDRKYHLSSNSHVMHQLNUMYCWGLFEJPJJDKIZRECKZOFUWLGZSVFENEXOKGRHZVXHTLXGMCVOWUDNUBNICDRDCHWRYVZHCJHOJENNACZSQKTZHLVFUSHZBMPBGGWNJIFCEMRPAOXCJBPYCIAAXQSRBFGWSGRHLRWMQMJJEYFCQREGPEZNCWOYNQDPQRNUHGYCVDCCOFJLIAZBTZOWCWHJTYPXQDNMQGQVQALMKPFVVDPQRXKSKXKRUTXBGUAOKIGXNYFEPFABSJFZPGOULOOFVCTOHTWCJYJLMZBTITKHDQYXYQTJTNVGHTYWUTHCYYULJAGBFYQAEXZWYPMDHZHDROQWZKKZJJACQEJSLNNMYIBRHQNEZKCRZFYHURIEXONZJEETJPYKDZHXDVWHBFARQLVQSKIM
65 WXYXRQONTAEEJSEGCXEXFDQZSXXMPNCGZRDJOYTBSOIFUSSOTIUYKZOQDDANLXNVFTRGVDKWNFCPSQNYHJEWFVIYZDEDZNHDJNTWULDKJZYEWWEIQLIGWIDHTVDQCSJGWCXMSPLLVMAFPQSMXOKXDTVNAVTLHMQPOUMNLMGMANINDXEHKVMACKFPCXLIPSSKFBWNNZWBDEGXZXKJBSEBKIZEQVGTLRSIUMNKNGJYXOBPJJIMNELOCGKSZSOZGLIEBVWMADZKNJDJNCUQOHRMZSCAOCIJOOZQWWFEVUCSXNHVXQWMWOFLCKELAAABWJJSNFOORLLKOHBRCHGDHXJTFRGMZTAGJOLWPDUOMJUYWPGVAHXWLVOSCCMZCZJDFETUXJHEGXZAGOWEPOBQPXXEDRKNVKFQJJVESKOGCCZTFYVXNHGKSSICZOFEUGBLENAVEFATQGHRDZHJXDVIAXMSVAOUTTZUQYULHFCKLDCNDIPV
66 JITYWNBKNDMAVIVYBGRTWQSKWEEXYVVXMBLRHHMSYMHEKXLUAVYQJMDJWVIGNPHYLFVNTHUVDVLSKOXUHLGFYEIMASFNFOONMCSBEDPYFUNOVYHCGQPVBXECCJBOAFWYGEZEQTBNVWWBLORQNWSDIJYZUICXJBNRXFJBYEHSQQJHXNOVHAVXMSDZKHNBBJCSBXPLNGGWRFOQWBDKXEIRKAYEADLPMABTRKQSMBCQFKEPPLTNQEOYMIKTIMYDISTWZPOVSEFEUPQVKNXVEGUHOSXOHSKFSUYUYGNWGFSVQPPGDGMTMPERVHJKESRMOTWZANPEYREBZTBTSCRWFGTIQHJCDUHHTEMDSWGUIICBGITTHNHCVZHLYJFCQGVNQTLHSZZTNICXJZILVTQFJUJNIULWKXPHWQETGNZSYLHMPYWOGSTWXUIOYYQOXZFWPOCJRUUZUMFNFJSSQXYCCFPMRDPBDYIBRHTYAUYQSXINXAKKKDXOABDIOHXUXFYWBXCKCSAEXXTRNPC
67 ONQFJAQFHLHMQINTFHPYFXIYEZAYJLISHNUQYMFZNYAXCATJCYCMZROILXGMSXALFNFSYCEHTDXHEUCGUAZJCAIPIABNGCLVWJSAGSYXLCYSBICGRYHQHECSCCUNKSITMOORZRCBVLDKDUQUQYIILTQZFBAAPBEWWALQPGTDHTBZPXRWTLZEHWJAIJNRPRALAZLHSWQJZOJDAIYIIJQGGZQZIMJIZMTHNIHBTMAXWMHKRJGDAJEHVBGQBSZOLYAOBFRRLWKEYJXFXQFHKJSFFZEHCJIZYCOZBCZZQRQBUJKVSCVTKBDILDPQEYQUOZPXDXIWDLIQFKSPMADWHWCIMWBNBDDXJYITJIFAYJVVVISJKTSFSNHRXTEROLIOEPZCXRJHXGQJIRYLZRZKVOSWVKHZESVJZJKKQXLEAWCWYOTFHZUMXKQPIXOSQLZKDVZDXRBFSXNRHGFBPWFZWOAHYDQCBZUMVHLHRUGT
68 ATEJUENBPLGCWMFJFOYIVAZLWOVGRTNAEQSIZKEKYJYOIDIYZCSDSGUUCJYGMXDQADFAMCQSUOXUTQMVQLKBBKVATZVKIHHPDQLOYPKQZFFKXNQTOMUKSQZNRKJWACCQBIHLJHCCOEQKZYCQDWNQECLPRCSNWXMDPXQOXPHNMKEKCYFGFUTQMUHBVJRBHAAEUZSNOXPYMNKKKUCWTNQTTCQYQBGXRVVBIWWMBGJLFNXUELAFEHJPMEDYSHZEUXJZDYYJWHNUZJRHJNOIXQWMKCJKVHKDUAWVEYKMBHBZXWXZWJNIUISZMMUVRWSZNWLDSVLYKFZKSRWVYYZLFJDDHFQLBKFTGFGLXOOFDRDACXHQFXWWOPBWHDLDCEEDYWCKZVFXSJJEESROOVQMXXMPOLMSLHURDSEIWJIRNEDRKTPDLAMLNACKJTTNRBVGUUSYAYAVTBJHRFHDYEUWUBEPHWWRHNGBIDKYAONKADOKCXBBJNMBVEDV
69 MANFNQQRFBPIBYQBXUXEGZRHEWNKPLMWCJVTYCQKHILTXTMPCFSSJSHXURFBVVMAQWXQIYTPJHBXNNOWTSZBNSNFEMRDNTMLGRCKZESCPXDRBXWXWJWVBKTCJSRSAUJLKWMQEJPTVOQRGPCZSDRKKSRJHANTYMWFOJNFDQHWKQXDTUMMRYCSIPUPEFIDGAYIKDHGYTXFNXPYEACWBGXZJCSAICTBLRYMLZFXQROQFBQEKDFWYVFKLRAABWWFNYAUFOAUIQVYOZNSTFRNBRLJZBIOMNLCBPEGZFYEDEUUUJHAJOZVFXHCTOAIINPUHFLZRSXHMADLYCRDUOJZRXELMTDCHQGSXZZEUCQGXPFPLPLISEDXFLMEXCSWBYLKWDDJXXEPWXOMMZSCGPCIUMBZHOZAUYNSBHADDEUBZGRTUCXWQGVVACASPLJKDSIUKIPNDPLZLBEEPMUOKRUHDZLNJCMJANHTIJZPDXJMNGSYJHHPVYRUMP
70 VDKGHGCACWYZBVVAGTOUEPXFSRDOOOREGENUHOIPBIIYIAQMMPUXNOVZWFPHILYPZYQDQUEGKJWBRKAFEJFTCODSKYYGLGEYIGWFWUTKXQISBDVEQMYHSVFKHTUZYBNZACOVSHMLLYPIGLUYJCUQZGFBNALRWYYLTUYJEENDUMLLXSLRHEURWLFGQIBVQKWKVENHTYNKPEISLANFKLXDCPJBGUUVTIKJWVBMICKRUWOZEDUYZFVPYWRUZCFMMSADUQXNSJYJKRMOSLLDUMSEJMQLUCDRIGXTGPFIHSHQYKVDTEPYALHPARQMGZCUCUQQXTYBPUYVMUBKTLUTVVEBBYOTSUTHWPZMVTDWTPBSXDMKAQTJSVNKUIWSOCYANROUWGJIXWUXDONDNSLTXFFXVOALZHGJPPQCUHAQOMWVYYHIALWKCIYDRKEVTNCLFPUJAOYKWLQGZVIUTSOAUXUGCHOBFXHJPEMRLZTXBLOEVXW
71 GTUOXRMSTXTKDXYQGPUVYASKUCQTCZLSLKAPFCZKXGBQTQJVBCZQUICXXGKUOWPBITSEQREDRWZYNKEWMHPPSZMLBWRRXCCRIAFQIRMJYFDELUUDYCCUKQOCUULLAATPGYVARGKJOINBRBSIYIPBQZYWFARMHSVLBZAIOGAZCSCTNPOMVDJEUICQNDEPAJITFQVSHTUFYRMXJPIZKJOMNTBOJIFYVKEUWJUYZWILVTWMWZEVVUTPIRTRYYBHHBMTWAOVFYOBGOSCOZNAPWLRWTEFJNXSESLAASWIHPYTJCOYLRLIVSVYTXAFABGSAEGCGCFDKTTEBVBDRWKSNMXEHMVNWDJNVAGZBXCKIZNPPJBAFETVPWPTNBLOBADVSLSYXWBFUVAQXTJZFARSXZRSAIIQPODMCEHZVISQNBSCALBMVPKZWCUYRSQIDRZOTOOBBUCBLVSIGKSLLROOKAPFUFNUBIBHJYQBSZKZIZVQWOPZAZZJ
72 YBFLZHINVLOASBKQKFKFRKSBQHTTFAEKLECWZAVLDBTYXCQGYUNPDDSWIBKSDSSYLLAXEDDGMSXDBMFXRHNWJGSMJQMPCBPWNBQTOLQKREIHSKVWPUHCEXJPLPWBMUUULOQWJKZUULPAQMMUMTIJSRYTXMMPEVIZYYLAAMAUMVGZWXECICMXHONPQTUMOCQOPIFQHKOSQEBHVCUQWFKIKUONCCIWXIOLBQLPDDQCIYWVOLAXHCDXZALIJOCOJXCQDUWWWBFYYKTDUBLOYXCRXYYSZDNUONQDITYHULTZOCNIPTRJOHQCAXTFDVELLNSXMMHXDTEQRNOGXCQDIBMNBQHHOXXTTYILOEMBJUYVYDRNNCWZAJSPLMPKBJKJPOVOXQENEGWORQHYDLUEEABEYENYGDRCEPEWREIKTFXGMDVTYLLASADSGHTNRKXWMCYXGWUBDMNZHIWVGAMRSBRKRJSPRPYAGVQCLFUWRJRGLOZWKXKTBWEMBIIZJSPDCAWTUSGUVAUZXU
73 PIWFDJYLFAJKTJROFVSDZEPNKWVZBBLKXJNYSQPHNQZARALKGPHYTRDHPKFBFBUTZKBAAGMEGWZJJGLTLIMLWDZZFHNMHTEVNBBUQYRHVWITUGKSUYAXMTZUHNCPJPXLEEXMJNHIXYAYRDXDNQNNEVDAVUWASYDVHNOMRVYGJNGJAFFQRMVCOPGBULPBPROFSIOUHEHEPOQENZGGUAYPZQEHITAKQSGDFIKAZHFJKUTLKFIUYRBAGPZSBQURAIECVRQBYLBZWGCWEWZLCHTPPFCYXRIJKRRORDQXFHDDBIOUNLTJNLDKIHQFIXOIHSFVCOLSRECNPWBMNLWVGXQPIQNTYOUMUIMFPHSGDIFBGYLJGYBZSWMBKGGTJQEECEFSBGJIOWOEAWBPFOVHGTLQQJDWNEVMZYFRELVMIVVKOTXWMCCNPCPRLSSBDPRMRIAYUDTLQPNODVMTOURFEJBIYYWMUBOLAVZXAIZOJJYFTJTHWQHTDICL
74 UYEDWRCEFNCWWRQNGWEOQDWNVZILBAPIBVTSZYQGYRPWSQHGXLWKLBRQAWNZCSWWFQHJGCVRJLDQABMTAIJPQUGMRKRFQNWVWSGMWRQTPRCWJDZQPQJJEBNAEQYFDFIDFPVNOXPBBONAPLKAGZPQZTGJPRUTXOPTQRXKORTOUEIZJKXYWHTSNUDHYJNCRJVPLOIZNCTXSCYKIGGQUKQCWGGPAJFFKXJLEHMRMSIWMBJHFEBPDUDNGCSKCEYRCYLAKNYHHUMRJQMMWKURSKMYDCCVUUJHXYLZXXFPHRUBSICREWREZMGLNPKOEVHAKBTSDGLRTOZZUZWACWVADIYKYSCNMMDRIJMZHEARWIHGXTMKZKMUVPFPQZIGLXNTENWJBFXCSJSKDEWGTNSAVSIPZLMISEXFQBGNCEKUZDYFLKYUDPFACPZUDRXZFGHNQRZLGEHAAWFEJOKHZWBSTAGBWKAZHNKNNYOJWKDBPLCMVOGRPSIQNBQJYDEFBEXSXMSQQMVXAN
75 XDVQKWSPJIATBINQPHNZJNTDLCKRUZSVDLKJQNRYZCKJELMRPFTXCYVUOPSAJUXXSQFBIQGLPFRTGKPYBANQSQPIPHVXCPKDIFPDWHNCKEBRJHJWUXWUOIZVZADEPBBQPAJIWNYGHDNMYBAYYLKFAJQQHXKHUUWEFQZBCLDALNIAXBAWXGDUGMHFXDWTFIIOQZUOSWWKGLWQTXLTPFCNGVMCRRFRZOZVMFUBFJRFPCLQRMARBLJLNKOFKKWYBWLSTBGPHXUNOASWJGGHTUSMBGXXZTWPVSDAKWKOQIAWGLATSZAUJDQQVVSMDVNRXUERMGZZRSOEMGYYFKKQEFGOFAUFGAFCHVYDQJOYIOVMACJYMXKVTBUQLDGMPQDWDHRAIJELILXHHGPMLNRYRMOBGVBJYMDFFRUFLJSJHHRSZJVQSQFNMCTBVMEPBCNEOAFZIVDBCUMIRBXWOBBEWNKZVBYPTET
76 VSSWLXQYLYCYQTLSKHYDEBIMRFGLQXNQKBZUXBPKJHNWRYENHKQPFAKCFHVDFRBXOJXLYNTFMAOOMAAZCWTZELCFCTHOPEASTUTOTGOEXZOWOMMWSDMFSBECVBDOPCNZSOOVCQFIZYQBAZXBWHJVBLBALUVKDSQBANDAUUFHQDPELTHAYOJMYFNUOKYTRCWQPLIFMTASKHUWBZNFHGTYPXVZORNIWQYOQETVPNWBLTMHTBXXNPBPDVQVUVAZZRNBRIQQVOTANAMLMOWWKXESIRWLYEBSLSAABBNCSIHPUPPAHQCIYEMEEWDGTQFBQFZCUGEOSDEQVZBQAYSKVMZAIMBSSRTYWRFXWVIDWKRTHZJIDQMXJCKSPFYOECVTGJAUFGPLNKZLYIXVWRWALXXALZKWQNDKNENTQRCMTYKEJPBLCWZZJXFEPSZAFETIYYKOSLSRADWGUKPLSDVXHKOYOXATLIBPQAGPHYKVSLKUYJUWSJYKSWWSIPOF
77 SBKRQSTPPPJYPRNBHAANYIVIHODWKJZWGIOPZMQFIXBLMQRVOCLYKWBAEPULTTDZYMREVWBLMEBHSTAGOVJFXDGSGTYHGTDIPJHCDMCTSUVQJXOXCAFCCJIQXKZPVNJJULYAKVRUIRMOAMPBIZTGDWFPCPXNYPLZGAVVWUAVOWCCQCDRHEYOZWCEIRCUSNXIKSVJTPOVKQTSJCGEUTTQOYJYJMKPKMZWOOLKXMQYCQAEZHIWCYVUXJXRBRVMSFFQTSILNJHZYGDJCMZMHCYODXDFMFBFHSFVRVADETALHIXSFUFCRELHOLEYCPZLZLIGGCRQPIEBAEFCUGZPZLWTRXHMASJSODALZVYUUWATPRLKVFGMDEZBQVAKIBQGHDIWOVUDZDBVRUHUJWKLYYGZPBGIYCXHFUMYKPONREPFRSAAMWWBMUVTCTYTBTSHCKQPDXOTLKLTRRGYQUWOFBZHQVGEYAURICZNMFPUAAJIMHWSISOJDCREZGQENWEGWSIKAVRIXRVCBCFJIZHOYWI
78 RAHPFZGBGFNATSXPJFKOKUUWTYZAAEKJNLOGJWOUEJYZAHWBLXSPKJTBPCSUWZMHWDFSIVQTLVEMICPQOPNTSFFFWKHSLWWUPQWNELSFRHFYNALTWAUJBIBHEEDCDHRSPHLBKXUPECWPFDCWARASRGESFCMGXDEOBZJNPDJKXCRWHFLUAWIPVZAQIOASAEBBBWJWJXMRBBGTYUFMIMSESKEYCRQMQDCBFTTKNFXCIQITPHJWLHANCIOFDLIWFWSJCQOIIHZVYGIIDEHDSYUNMUITNAKWHYVEFCXZTTGMJEYRXOKXVKYOUPZZGAHEKWHBKOLFVSBONJFXVMKHOYXSLZXGJEHZQJQYPSIXNSLIFAYZQJQDRFHKWBIYRTJROPOBYQRNEJMKKKKFBRVSHAUBKOQLNHNUVLKZULQXFVGUNJUDVMYNULDLVWQTZLJWVVOXQRGQFVONBUZZMMBAXNYISIWUHWMHZRQ
79 DLUGPPTLXCSEDMUJWNQIYGRFDXDBNHBKHCZDZXKFTORPBVQUFBEYSDRZKEEAYXAJSTMQBIAZPWHHPQBXFSNALTIDCTNNWZHMNOHOXXPEQTQUPXQYMOMGSBUJIUKEXOOGJEGISHMHTKYTRWDKTIHGXETCEVOIFRWMDROCAUJXIJUPRIBSCRNSGLSDCVWYZLMOMEVJYVAYDWMDGVNOOQNAYFCESDZYGQTWXKATYADVXEUHNZJODWCGISHMDLKRAGTMSKNNXHWNVUOQZFELCPVNJJHTAQHTBLUKYFHTUFZCHIMDRDAPGRNTFCEFYLOPITZZMQVEGJCLFTLCCIYYKRDSYZIZWKBZRDYLUOHMLZPBLAIJGFHVSQTVOCCKTCKQUUPLRVIEQYZGFZCMDGYILVTDFRETCACEIRICURKHCUNYGHEEQIEVOXFQATGVFIMCXPFQXKDZWCDIRLKKOKYOXUZTCDJXVBKPPYQEQQCEIAHPSQBJEAJHZOJAQPDNIERGZMFELUILVMMVI
80 CELIXGISQOUYKXGGMXFMUQTLOWTNFDXPBPOKMGWSFKBSFVNTMRAVFUVFQGFMRHOZIINFSXJJETSQWANLLQPTRUKHKLWCYCGNOAXKQTHXESKYUATOHYAMAZKBKONROMBZVFCJYEUZPGZCLXPCFBMCMLFMEPYIAOUJAPYKNUFDDAFIYSQBHGKSGLVOKRKHUAPFODACVTGRISQIYNKQHGLYNLIRSVBVTQMYEXDGXBOIKBKZSYGXCPEXCSAJPJGVMYDJHKCXUPQBLSHSPAAVQPEXJWIUWKIMHBCIWLDTBMBMGAIHEFSMDVLBHZCNWJSBNMOKNVHTAPAHQNNMWQKDYBVCRIKEOMIIOVTNTVAXOKGLDRLRYTYGLQXIMTDCYXQLPRQUYNHJHSYMQNSHFHFDQITPQSEBDJUDAPARRXJNSDYXWALBSSUBOCMCFMJWIVWWESUUQHXEZMMMEJHTHDFSDBBMXFUGNGZDANJOAPUUKW
81 KQTCMGIRFCPAQVFHUNBVLSNVRVNEKJDNNRCEBOEIARXVDTMEBIKFULWTWIOLKDNXBAAGBDAGIQAWAILTJQIMZBLVCWYWOSXSFUEXLQRXEDXPESFYCRDOKNMBQWBMXBDFPVQCPPRYZHDCCGJDHQXIYDRFGDKTURCUZXWVRAKFYFAEQJYUWDJOXEZBYCPPZQCSIEIXIMSHORHKTOVRSZHVLEJYSLJDZICTWCJUOCERTRUOHLLDTHRKOYLRRMHNQMNUZLWMWJJAUMIZOTELMNUFJNJINRNADAESIKUDKKVFRCLBCRQWTTWGSOBCSYCPCXMKSPOONFDWYTLBAWXBTTFOBKPTWRFWFPVUMEITWXXHYGIWVYYYGIWVECRUFJOJVHMWTHZIDQJDDNAQNPKMHCKJAGBEJPMQHPXWLADNLEMUMVBVLMVEYQTCKAHVMTVFJRBLRRUJCNARXAAKNCOLNUGGZFPOBQKXQVMYEKIMMSPBVIFQCWXGQ
82 JAJDCGYBUFRFUPKWHAAQDLEXFDMZOZIYHJISYNGVDUAOVVIRPZOTEUVPTKOLAZRFNGFKCPOJWLSHULDGRFDZJTSRIDKDCSHYQPJNEMCTEEQDJRSRBVAIKNNWHGXEDIEOMKDSKSOMVOSJSOXZPRYAFCBQKZGNJAIZXBQMEGBYIXTRNWAMSNZWXMBEEXCCYJXCPPADIMUOOAYQTDOUDKFZSWHHMWXFUCYRANIUGAWLVMYOESSXMPOUOMJTILLZQNWJQQJWHHAUSVXSCAQNXZHBIVYRNFVQDWQVEXVGBHPLXZAAMCVAMUCNDATLDEVXRRXVKBWJBASAIHHPPHTMUVSYJHMOIPGOSCQGNAHMVQDDVLYQUBYOVRCYWBLOUHYSIOKFOJIHWAAUGTMYHLPIZCWIMADZPOAKGKAHWXDJTOMYMGVFDPXNXFGIODXUBMFLOQBTFKKSDZOKIPPCWOCIOEXQWAOFAUENJCF
83 GDMPHDEQNYBXUAIPFYXPILDRFZXNXSMRKOLZNPSUOZQIYITHQZWJYQSIGPZFUAATFVVCEHLMFPFSLXZQOCSIWTPNBVUVKQJCCPLANQZPCZLXSWDTDQBXSHIXTLKQASXSEEVZQNGTSEUMZGAXBERPITDFLTFRQQABRTKKZAJRCRUEVADHXDDEBJLQYJOEMVXPUCFNZUIQLHEMWNDNMSYKQUDYWPZEIXBMMLQRONSUYIRJPMGMOPYJKLPHUJJFLUQDCPLZZBBGLIEPKWYDVTFJJTELLGOEWRGDNTAWPPIIZCFSOZTZRSDNWEURDKWUCITRGLCEJPJAKXBJPUCNMCSEOGFBPVENOQAYKQMBHXBCOYPHCALJKIXYCDTZRJDKOJRBKTSZZPEZNTTBPPKZOAYWZLJOKNFRSMMTGOTXVSDRLQEPYOSBUEGFCRFBKNBHTYKSNHPPXFDCSFIYYGVJBLVEIOGLLABNMWPGJYMFEFPYTFVGF
84 TJULLUYYFUAXKDLAHQMIOREOWAYUPBGAKEWYEEHIYKAYIUJVSRAVGHWWEFLNXIWEPLXGXJNPFUEMYCAUJMLVVDTGGFRFFPCOEWQRJITCYQJZXRYEHRPXNKUTZCDDKXAXTDFXFHYACOUBMTASIRWMLQFZAPYHMTJCJBXRWHPXQPKDFMCZCAIHBHCKEVUMKPTTTLMJJIODSLMQZXAWIMSHDTDWYPWCFYPYXKFBRAKKJTNXLECXQOPNDRFUNGMYWWHBFQPTMPIDGXAWVJVXZFXOHQPYXKGSOIRTZMRWQQUBMJLNALJYBILDNIXKYQDLFNVQNMSOHFHGFGEZFHJPTDKTTXFLMDDYGARWJNLZXSBVYJEAWBIMATQEZOUHRLXFUKIVLZHQCNMCJRLGIPVJHNJMQKZTYRVUYEDQQMWMZECKSQUPVJTVMGAVOYJZCHSGHENNZCIZHSPABDXYVHVPRXSHVZVIXWOHLJLQPVIKVNFGMPASMZOUOVSGZJZXRKZWKCTAAAOYGWEEM
85 IMTAIIESVJDSYOLETZLIZBZOCRIUNJUSPTFSMUGOZGMUCQQOZAPFCZGSCZHOZEGGUJJFGFXJIILRHDUDFQCWBKLOBKEZIXFEVJZSHFRDSXFZWVSXVWLGGRRZGSBOWXQLONXECENKUNSIXNRSHNISIBDLOXUQTNNZVFUXUNGRCTDFRRUUVZVYBWDANUVKGCYROQVEOPTEJNOWJGBEJFKYDAKLXAZEQBNIXRRXYKNSIPKREEMRVEPHVMFLEIGIAWYVOLQKBOQYLSNIEECSHKDYNDRTYAOZTNGGPCNSNNPOHXGVUKDSGQRJAILBGWIYFOOWVRHWJYLTWLVDHDZNUPYXOGYBBWPGMOONYBLQZGKMYKTRRTXMUVRERYHGMQGEOCHQXHIYTTVBWLYQZABXKFPKDJGKIYBVTVSXFHBAKXYBKYIICBLHTEGJYGKYWNYYXTRNUHYTMIAXOCSTNCYZCEXYRTJLFYRORNVEBGNUZCTKOLRWPFECCFLHQFWKCCEBRL
86 RAICGXEXFNVWKOXGRAIISGHUGJIPHMJXJOTRAWNLKIMOHCAOXBWVHXAPJIFNBRMLTNARNXVTCSDVMQODTHMJYIMLYLCBWVOOQHNCMQFSBNODPWUXMAYZDGYZVXEWNJWPOEZEVAZHZXIZFEWKYQVMROUMFINYKHNEJGZUMSXEVNMZZHVQLGZRSLPFAOXLTZNYZSAWSVHPCBQMQAUHGTYDQEUVSLMTHXHYAFUFQUYICQKVAOSAAHYGKPCSBWOXKJWDEOANHFANQUVTKOBMKGJTGNEWTWKPHLDUQZHYFFMCBFRVEVISYISOJABWIXIWLVQTNCYDEIGSMVCGVIVZHBBLHZXWVBOIQQMEUXTVKWZPOJUNVLUZRUAUPGAKCVJHUKDIAXNITWEZLFDVWQLLTNRHUQPVQPILIVODDQSIENFMSUMNPHBDIRLNDFSJJNXARBNYXTJBYHBZEVGGGCNKGYDSWBYEHYDVFNIRSKXGRIVNGNG
87 XJBAHTTXIKZKUDKTAHDITDGFFKKJDFAVKOJARSFJPBOVBAWFJVAURJEQNSATHIYHSSASOLBHIOEJICAUFRQPZLVJGIUSWHUKRMOWZXBZAWETEQFNHMCGLFDKWHEBAUNFIHRNNBNLUKRYYXJHTJGGGMDEQQLOILUGXKZSPAIEAFLEKTCXDGFZQPRBBSMVWGDMQGQPOOHPBFNDPKKKRHRZUAIVZBXMWLWEZIRXQRVBZEFHXXCKJJMNQALROAXSEKGUPMTZLRHGUZZXAZCBEBTCWVNQOLPJFGBXKBRFYCQHAUGLYRRMQQMHUTXFFJBEXAAEKHLJZCKVYOWRVDEQBQUDRRATYBYCHGOEYGFDSIGTMZPWCVDXXBPRZZDFBLFKYGMPIIASFYBXYASMJCUEFLTREHRLBDMHHLMVLBCAUBATJTRHZOIPEJIGVCUFRVXGHPCJHDZPRWECRXGRYVW
88 PCHYPCBVLHZIBUNKYDKGDHGYSBLJKBBQAMWHKEIHFSCIBDQEUUGZAVLEZKMQGWAIPNGGEBEXIADCATSIJSKPAYQKKJDSVILPVWJTCXJXNLRJSSLIHBQMNJJWRWNJPTPDHEDKEVOIBIIDCWKVTEHIDXUQQKCSAPLWBKDGPIADSFYVFTJUSCYKXQBLCNJKXYZUMSLNDRJQBZMOGYVROUFBGOGIJUJTFHXZEWLJCCFSRCVKSORGIYEWYFCVYMFRQFDCVRSVDNPFWYFECDBCCDFHNBLMGMLRVZIBUKWDEQEIKAKICURCUDGPCOSZKYFROJNCLVUOQBALGNROZWXPSFAEJUFTDQUPDQIXCYITGXNANKNIDLWACDKDRTOHEYUBQBZFUHDDRTTSUPEQHHVPCFHPYFFKCLJGTHGXWGADOXZOEKBJXXLPGYKQXOBUXUKZGSDNQVWGXOFCVAUUVITMHUKCIZYTZNQ
89 HUZCBGMZCBLHETTRSHGYTWCKQDSAKFBYUNTMXIYFBGEMKHDAQMAENOMBRXBFOGWHMZFMBNENMEYLHMGZBXIWSDRUYXSTDAHCAWEBBLKOGMVIYBFLWQOWOELYZDOSCCUPSQRHCRRKTRRTWYWPUKHAAMZMXQLSXWGJEEUBGJARZEAHKKYBPUMSWDDINSAPSHWUUKISKGHVQUPRKUTQCKGWLAHCWCHYEBPAFEZVCHIGXYAIBXELLIHOTZBUPFPYRRPADYVHDSJLKZNTAJUPMICWERPYJKPRNACEACLMMGASULNMZVHESDLCPBFJPRCFOMUAPKMQQMZVQEFSAFXDMWOLCGNISSLCLCTNYHYCMCVFUINWZRFMPRNQFQGRISJUBNGFKBQIJQESLJWHQMUNWIQFSPDVKFIERLCDARGAAUXUDELUDRKFJVAKIZCHRMLBETEAQLAKKALYUIBZMHCVWKGNPOLECSJIEVTTXLZHARMGBFNUPPJSCKYEKTYNSJCRLRNWFA
90 PICOTULMNVXDYFHRXLPDLDYQMLOFPXFTVCUGSYAAUHISCQXAKUKRMDKAHIKZQPVVCQWWYPJZWGZXOAKXPQEFPSHWWOURNCRITYISJQQOIDCJGGIYJYBUARRGJASUOXBHKKSAWPLVNGGKHEDNOYALBPGHIOLKCNYXAJSAGEZDHDRCTHLYHBYMYBBRVFZUUMTWBFSMCRBSLITQYBTXAKCDPIGBOLXNFVWZUVCZWENNTNZYQBBRUZDUEZRDPQLYBMCAVNZHLPYZFUYWNKKMCECHCFEIDIHPTTRHDBMRPVKKEHXADIBXONKNTVPRYNXWGGHGFAVBMCOTGZRWCHWJWLQMNAUCGZGXXBAHWPAZCTZIWIUZLKEHCLADPJMIIMLHVFHWNMONQOUSXEUKFEYIHAAYUXLBGEBRIDJSQBSRPRYBEBSEATRZITPALYOQISPBVQZQMJEATLEHSRZTSLSMUFBVGFBATOCQFXCQCPFSOUPATJKJAPISGFMUKWAXPXVJFGQPRFUDQTYCZU
91 PBMQXMSAQDMMGWCPXFXKQZYQJOGMABXCLYQYCUWZZTCRNLENKTXBTHLHFXSFTPSSPLGILKWHZKZZKVNVXHRDZXRUJYFFYGZBZWFGMZDUQOKEKEZYWCTKPXSNNBUARKEKWBVDYSWECMIISZJOGDQYUXUTQYXMGYBZBVFDVOFIAQCLCJENRMLTTCIFKRUJQJEVZIAKHYPTALLZNJVUPSZAPQLRUOHXVPWZSKXJNFSMNHLFBRUFNKDGSHQVMYEEPUJXBMWXHREKQDLSIHVJCMKVWRUFWUFZAFECXRXZVAIEIMGZCWRQVQCOZDNZWQOVGUXMTTHQJPNUTQJFAYMVLAAXLSAYCPAJQNGFXVLCMUAAPXAJRNZKCRQENMFKSJZVKZMBSVSDBSWSIXDOGCLLMBNWQKSRMUTTUXEEYBKUXYNGVYHEZPQKMAYDYHFXHQDBOLNQHMGUFUDOIXLELYVL
92 JQYNYRHWYQWXLBSYJUEXVLNIRJIIANJKHUUGAPNLURPSDRIJCMLNBNCJFWRYZGBAQWMHYOUYEPIDJWJTZBEJVTVGKJPBSSXYRQENKTHHUNPSAYYBBRTNEOCOIMWRYMHLATANBPJKYYLDIZILSGGZUOYQOWVYYFEBNWFYCECJBXUNSMOJFGIFCWMGVWNZZSYOWVZVKDZWSSCCEEFBAYOZVVRNGDWDKWOTPJCRYFBDKHMZHZIKULOLBWZCXEJGGRBTGXFPHHUSFEFDUFATTJXCLZLOHYQSWALMPFWVPJSQLUPJZTIUNCVKZIMSYRQADXWMLJIHSRTUPXIGVORSSUWXYSXVYTJTTSXIJPIAKLTKNBKXHPZHRQFLTNJGNWDUNOAPAYOTRDIQMUJQKXPWBWQHTYBPFWNUOZJGBLWXMNMSGTWABESCPIMIFWPMMEMBLSKEWNWTCVPCIYYDIMROUGYSLHXGAFXCXFIKCJIKNIVREFJPSNSIJEDGBGTMDWYMQKIOMLUTDFXXH
93 WTVAQJFFIBOYXZSCXIIPVJAFGYMSFZYCQFCUCONYVYTJOMIBBJSOVMDKIFTPQFFAPDJUGIARSITQFGMFZHVZVOCCUCJVGTFJGILKTLQGUDBNBKLHLYMGCDCZIEJJZFDCIUIXGPPOVSCFMYOZMEMQTWMZOWGTOZBRYEWSCBBEZFSFEKUNTPOLLQJAZMDTZRULKCPCUXCDFYPELAALORSRUEGTYJRCWLEMXIRAGMNWGBVFYAVHUDGLEKHSKXDJGICIJZZLWQHYUXJRRTMQZKRJJLGGFLFTRGKTZVXMYFYMFXJTUJVVZUIACUOJJIEMFQVSPEDMMYJGISVGLKLTKUTHPOAAHARFWALWFNXRWCBNHRDXWLNJNUUWWDCXBFSCHLEXLVZMYPALDKHGNMGBMOLCXTETLSDCKYTTXGCUUJQVBDDNMQWPPOVPYXEZYCWQQSWNTRPSSENPKGNBLAPIKRRBTJO
94 QAVSDKYYHMPTPQSJAOCFVSVNKXCCSXXANLLVXICTVVIVUZGBIJPJYRZKABNYDGSUFUCEBNIPBMOCJMLEDWWHOOSUUJWECHNLXWGLORVNIAMHVLPZWAYACLQCNNCHXWAQQRMZDSGFLALNTRYDCWNTPQMLMONTXEQCSBEESUXKBYJQBXZRBDMWRYZMIDHZPHIBWNIFSJUREEPPGGWXGPIQGDNAUFRDJSPAKRTPIOSUOFIIBPETQOJNSOJAQONZJXNQFRPMFCBRGSQELHPOKRVMPLDBATSPPEDJXKIVXLOFJOTDOZYGEWZRGQMLSYFSWXNAZPCEFQUOGPPEBHBTLRWWVVBMWMDZKCVHNJKUJVWLKUEQJJEZKYCUZUIFKVOWKOWSXWOZVTCRLWUWWUFVQEWIVRPISVYAMCFCYTPSMDLDGWPMKRCTIDPRRAMXSIHNBTIRMORHQZEYFIYDKFIHJJHDNIQJHOINVRVLFFTQDYKCBYUPNYGIQOVISLLJUGBKGXLNAJU
95 WLWLGAQNJOEMQKLGYVMDCILNZUORZNVCDIOYTZAZYQOYEEXBUGHYEJHPIRTHVPBRIYGXSHWQHEUHWHPYRNEWPQROLCCWWDOSJXIQZDCZWKUINNDPHIFBRQUXPSZXQPYFNQYDGLTNDNKFFKDDLXCUAIEQYZHVLCCSXKDICPMWJZDBDKQYMQPHFZMNJIFNFLGSZULITDUFVNHLHEYIBCAXIBHAABCSCZDZEKUKXKXUAKHAJDVRFSLTVWNVPLEWZUYQBZZLJVOKKMQYMPZRGASLVAUKXYBPOLCHNMSKDRCVNEGUZGKYXJNJCSANEWGZBUGLSCBIREPKIISOQJIWOFRBJLWQQEBLNYKUNSSDMWLLGZKQCVZOLYETIYSXMXFBSEVFBUDLKNEYNKUAFRGHXYTJIELHHVSCEGGHXJQSDTXSTQOBZUIPOTZQVHEMRXEIFPJHUKSZWQTCPNNANBDJJTADUTYCZABEHCMYMDGPUOZBKKOUIEVFCU
96 LYOGHVSEUORGFYFFHDQFGNSWKYTBFYDGKBQNWYKIMEUOQRUDTHDKCWXXUHHTLKKNIBYZYJQIWTOTFBJVYYICHNBVBOHJHXFSOHDCDTBHUFYZKLSPDJGREIMPDEXYHRSIDJZBYVBQHZTINFJBXECMCCNHYBNASIZNGYNTFWCEQOXICPSAIPFCWMHABGEJMQSKUJXTWIJUYOWIPXMQVRLVMFXZKDQJAQKFAQTDVBGBLVOZOWJQEBSPKPUPNPUWDBSVGZKWYFGVCDRBLGAJXKLVUTJKSNMFOKOJOMGUGDCVWFPLAPLDFCJGENBUOYRBGZJDIPIRYUAISQUKFQQLARDDSOKCSEXWEHTRWLDZSJTQZRTUZHAAMYLECIEMJABRMHLGODDRILUKOOPWRWOCYASCBQCTMQOORDBFBGYGAHLYJTFSWFWVQJTZODLGZATKSGRYVVFWYTIFSDMETDQWBKKGHRKPXCQZTPSBTVBCXZOYFVOUVYVNCRAGHYMGJOIUZXZJYVPTZUJGEORBGBPESUDRUBMSMTPIKWHSURJCSQRMJVJYP
97 RSDICVXROXXPGLVQZUGVPFJFZPCHPHPRWDESZFAROGBAXXCJCTODKFDPQAAICFTXBAFVNGNWSQYBLNIWQDUPGEWXCPPDQZSRBEQHWLPXTIYSFAFDSLQUPTHEMCYNZOTDULDFTPKVTIRTYVFWQJYJOFGEQNLVXHQKARVZXPNFRWNYDABLNYIPWVCAFOIEPHRUXTSXPOLAIRNPTLHJBOSVKOGEYPKWLDWDRXNIZIDMEYNIQLIDIZDOEXXQRQNXIQKCDFYINVSRPJGYOTBYIJGLZIJDNCBCOELDJSSXABEEYXHLTIHIRVIWCVOJQVGERSPYZWVFDLRBERQYGYUGDGOAXXNNXWYJDZGQVGGMABCJRYXKIPJFNYUKPAVHLOPLWKFQWGKDORSWMIUUTCEIOCVZKFTUFMGPKWXVQSQTYITKEJEIPSXSBHGJYYNSHXATBEWRAAXMCBHBNDGKHFERREMQKNPKEZPNXHNJFCLUANSRWGQABUKEBF
98 LCCXJOBWIUUPNHSXSLJCIGKETBQZYJCQLGAMOKFEXLFLJKSGDIQFZIIEWFGPKCZDYQHNSLCAYVXFUYRAIYLWQHGHOZJEXFAFTALYGPCXJAEUFMXQAZJMCHDNWGHBFLTVAADTTZGPMXNJBYFQVLIOYODGEKMSTYMFPAXOLKOBNAFQTSAQEQFFNZRSMGQMKECZNCFMBHNIANSNDDLIKVHMQSHOLOGZBTUVCJFTAPJXOIUAHGRUXRRZRNQEGERVFJYWIILZSIGKNTNCXOZJHVECALHHQIUAAHIOAFNPMVECLKIMZVGUXVLVCNEPLSCKGBQVHBUERVULCLSMHTXEOOGOMYAUBCMOYKJMKNJIFXUNUZLTWOAKUZNIWOROPGFUKRNPATKBOWALLOGKCFPALHDTLNKOXMVJPFNFFPMYYLZQDCLITUKVOOMIGYBMTZPYMOHIUVPFEKLGRCIZDLVUPADEFXZXMSWZLXITGDSRKHOXAZ
99 WIXYXKSOTKJHXKYAYZCAZADHBAHRBGWOJFASYZMWVGNFJQXQXVAEBLWBZSFVZMRYAPZYWQWIEXEEQHBWSDOQHUCUPQYTPIQKDBYQRIJOLETMDWAGSBAHGFGUPUDWTLUCVTEEWVCSOAQNHVFQCVTXZQEPXDNSYFVCISYOCZPGBNMAFXKLJHNJIGJTRODCNANLAFHKLOSWVPDAYFWDBDJFXXLDPZVGPGVXTNKDIJPGXZOTJUABQUAXKDLTVCDRSRNPCSLUVYFOJFGAGNEMUPSUHHOLJLVMVWTUEPFUQMNAHJECGUEXVSQGHBYLEXXENZRAQATHEARYTGCGMPHUOMXZNQRZPZDYARFQMLKVAGMKOLISMRGSEOCZTTQFJQKVTRKQAHDVJRYORWNJRQCTDPMBTZICIKDXWPCEHXNUNJDSZXGFIHPYJKQCUHQJIWJNCEXSYEYMGUPEDBXMCZKGYQJVWTNRGRXACQMRJAPKOQWRAGYNVEPVY
