id di di 
0
0
qqtkasfoimzheruuz frzezmaqtkhqiosuu tqqakzuumszohiefr ufzuahmqrzoetiqks aumqzhkeozqisfrut keqohstrziuaquzfm ektuzhmfaqzuiqosr asqrtmzfoiuzhqkeu etkzmfziqsrhuauqo rzumsqqhaetuokizf qzfaihqouumsekzrt ekqsqmozuiuztahfr rouqazzueqsmfithk eushomtqqzzakfuir afqueuszztikqrhom sihzuftekomuzqaqr ehuqmutkqiozfaszr fhiqqrkotsauuzmez qiurhotefumzzqsak tiomkquezhaqfuszr kehiuszrzftqumqoa eqkzqztrumuifoahs mkaerizquuztsoqfh uzoqriekfszqhautm rufkszomtaeuihqqz qkearuzuzohtmsqfi uqistzoaumkzqfehr qshtkamuifzeuroqz theozuuiakqfrzsqm uihqqrmozatkseufz fsutriamzkhzouqeq imrufsqzqzetuhaok euizutkaozfmrshqq qatekfumrziszhoqu kzsfrhqmoautiequz kzfrtmquazeuhqosi uzetqrfhksiqmazou qqoeuufiaztkszrmh eukfuqothqzsizamr quzmhrtefizkuasqo zhmursqatuoikqzfe fquusithkzmqzorae zhmeurzskuatifoqq kzirauqmohsfequtz zoufqtakhzsiuerqm zrsmzqkhoauteuiqf isqzotafueqzkmruh foksuatqmerqzuzih ohquftzkriqmuszea tkzziumqruofesahq tumefikqzsauzrohq uizkmuqztaersofqh mksiatrhfzoezuqqu ehszmzftkqruaoqiu efuzkuhqqozrasitm aormetsfukzhziuqq ufhozuerimtazqkqs uitkemozarfszuhqq afqoiuhzemtuqksrz zerizfhkqqusutoma tsuqiezkuaozqhfmr tksqqmeauuzzohifr qhmeqrzsfiktuaozu uqasqofezmkuzhrit fqiamoetzsukrzhuq uzfsthoqzaeiuqmkr szeamruuqtfkqzohi fmtquaqukosrzzieh tumzfokhuqqerzais oazkstquieuhrzmqf zhumqetazfisroquk rhzaumfeiqzkusoqt fqmzakestqihuzuro satfzizeoqqumurkh tearizsoukumhzqfq rouhfszkqtueaimqz fuzriosqzhqamutek hszmkruitaqeuozqf hazkqeoqtzmiuufrs eautshrmzzuqiqofk iquzuomtsfkherazq zhrtsouqukazmqeif sezqmukuhtaorifqz shefozmtkzauuqirq fkutmhsaqqezrozui smreqoqiztzakufuh moqzeuukitaqhrzfs zqaskezqmtfrhoiuu etmzakufzrsoquqih uqmukfarszqhtzieo usokiafuhzmeztqrq sorzfheqtauiqmzuk qthzzeomrufsiqauk hemktuausozqzrfqi zitrqomuzekqshuaf faoqsuzemrzhtukqi kstqhrezzmouuqafi murofksziqzaqueth zqqfuraszuheitokm hzsquzuoktmfreiqa tuhzqfmriqzueksoa ouqaftrshkmuezzqi qkmozuufstezqihra fazutuzqsorkehmiq zieoqskrmhfqautuz uarsoqiqmukhztzef qiauzfkmhrqustezo kquazumtfoihqserz kumzqtehuzaqfriso mzsuihoaqruzftkqe zrmqhueiutfzosakq fturomakuqzzsieqh trkfeasqzhzomuuqi uraumkoezsqfqhzit 
pntjscnihpv vistcnpnpjh snthjnicvpp njhpvntsicp tvppjnhsnic hjvsnnicppt pjcvhnptsin jtpsicnvhpn nhtpivncpsj psnjhncptiv vijhtnpsncp pscjnhvtinp htjvpncnsip inhppsnjvtc hcvintpspjn tvnnjchipps njhtppisvcn pnjpncistvh nsjtpphnciv jcspihnnpvt phjnvitpscn ninjthpspvc psjinpnchtv tnschvnpipj inhtncvjpsp hinvcjspntp jtcpshninpv pntspjinvhc ptpnshivjnc hppsnitvjcn njtvinpsphc pvcshtnnpji jncintvshpp pcnpthsivnj itnppcnsvhj nhipnscvtpj vpnpscinhtj cspivthpjnn pcihptsnnvj chpjnsivntp hjpnivtnspc 
ifb fib ibf bfi bfi 
0
achukrqzxqicddnpzh xknzqqhicrpcuddzha kipzqcrnhcdzxahqud xhacipczddzrqnqkhu nkqihqzdzucxcdrpha nxcpacdzqdkirhhquz uxziqphcaqkdhrdnzc hxqziunkczdapcdqhr hddqcizakhrpcznuqx zdaxhkcndquhiqczpr nrxzucqpcqiddzakhh dnixcqqczhudzrkaph ddicnukqhpzzcqaxhr haqxiczncurhkzdqpd qncahdkqduzcxzphri udqphiqhrxkcnzczda ndzhqiurpzchqxdkca zxqhdpuhandqkzccir uqchrhpaqxzcnzkidd paqchkqrduxdzinzch ahuzhkqzdidcqnrpcx zaxuqckdpnhhrqdizc dichckpqnhrxduzazq iacdxdhqzrkphqcuzn kcidduznpqhchxqarz ahzkpicdqcrxudhqnz dqpihrduxhkaczcznq cqazcnphkdiqdurzxh acxqhrniquckzphzdd hhccrdaupxqkdizqnz pkqdxhzczdhcqrnuai dpxchkuiqhzcqzadrn aupcqciqznhzhrxddk zhniuhqpddqcrzkaxc dhquapkiznxrzqdhcc znxqrquckzahcdihdp kzhzxhpucnqadircqd rzdcqxipnhhqakzcud uxiqpqdchzndrhazck npqqizhddurhzkxcca qzchnqdzcrpxudaikh uzhanrqdkdzqixccph rpzdqhunqkaixhzdcc dnihkdzhxaurqqczcp nipchcqdqadrzkxhzu cpkhadqnhrzdixzuqc dcducrzizqqxhhapkn zcziudqkqracxpndhh qpdiuhkqncdczhrxza dxchacqhnzdquzrkip qprqccdkzidhaxzhun pkqidurhazcdhxcqnz rnccpzkqzhdxiuadqh qzpuqdhcrzxiakcdnh dzadcxikpznqqcuhhr xhcirzhzkaqduqcdpn qrcxdzndkahzqpicuh nzdpxzccqhkdaiurqh dzipacxcqqdnhhurzk cnxhdzdphaqcukrizq aihqpdhczxurcnzdqk zpxuchrqadzcdkhniq dqzhacdrnpxkhzciqu qcpudxhqrikdznzcah qrcuzcnqpxdahidkhz uhnxhrcdpqiqzdakzc dzpaxqkqcczhiunrdh xpuiqqzcdrncdhzahk dxrkhucchqqdzznpai dkrauqhhqzizcnpxdc zzkqhcnqrhcauidpxd acnrqhddzkiuqphxzc azrqndcdzqkphicxhu rczqcddahnkupzhxqi akduhhzciprzncqqxd drkhdqcnpzxqaucihz rciukpdxzcdnqaqhhz qduacdqzihxkcprhnz qhddhcnacxuqzkzrpi uhcdxqhqraidkzcnpz uqhxihacddkrzqpnzc hurdphqzinzkccdaqx zdcpnhkxdrhuacqzqi pdriazqhcduczhxqkn zkpihdnccuarxzhqqd zpxarhciqckdzdnquh azdpxicrqkcqhzhnud cdcxzqdhkzhiquprna xdznquczprdihaqkhc cdcnhqpzkaudzqhixr pckzdxcnquqzdirhah ckcphuqddrahxzqizn khxraddzqcpqiczhnu uqhrxihdzzpndqkcac hdxqrcdqpkinuazchz qcndupdiahcxqzhrzk izkahzrcquqcdhpxnd zchzruqikdcaqphnxd zhaiqcpqxhdzndcurk zihxddzkhqcqruncap qhdzxdhcipurncqzka qzcchizddaunrhxpkq chciqphdqzuknzrxad zqapzdrchuihqkxdcn xdpiahzrknzcdquhcq xzradzunkdhqchcipq dqqihxazcrphknduzc hdcapzudqzqinhckxr zpcchqzqrainhxkdud qriuhacqdzdpxnhzkc upczdacnzhrqxhqkid czhdkcaquxzdnphiqr udzqhkqzadihpnrccx hzqdcpkzqdncrhauix kqrazhndupdchqczxi iaqcdhhdczuprznkqx rczuhcaqkixdznhdpq dnckxqhiaruzcdzhqp qrhzczhpxdkduaqicn nizxqrdhqdpzacuhkc rdzczdhuqqcxhkapin izqhkqdzxuchapdncr ddqhixrupakzqnzcch dkuzcqzahhrdxqcinp ddnpiqkxzacuzrhchq pqkqcxhuzrzncddiah dcrqhdkhuznqcxazip rucqqpxdacihknzhzd hkcpidxnzcqruzqhda chdzxnrkpzqcuqhiad qdzipnuhzrkhqdcaxc xdahnqzckzrdcuqphi znqckcdzhdruaqixhp ndhzuhzxckripqdcaq dzcadzhqpxnhrkqciu rcdxhhzkquzpcinqad dzhzhnrpqxcukadiqc czxpuczadirhhknqqd rhhcqxpdiznuqadkzc nxuiradhqkhccpzqdz uxnzzhddriqphakqcc udczpqnhzqihrcaxdk dkpzqaqndxhhicurzc auqihxkddchzqcrzpn duchcqpzknqirxahzd rhzhaqzqcdcnxikpud dzuqnhpxaichqdcrzk uiqazchnhpzrdxqkdc hpzrdkaqxdzqcnichu upiqxakzzdqnchcdhr cddhzinkxrzaqcpquh ckazchxiqudzqndhpr rcaqzihxudcqhpndzk cpcqzuanzqxdikdhrh qcdqhczxndikzapuhr 
0
oy oy oy oy yo yo yo yo yo 
eractwxx xaxrwtec aecxtrxw rcetaxxw ewtcxxra ewtxrxca twexxrac cxtwraex xwceaxrt eawcxrtx rextcwax exwctrax wrxtecxa xawrctex tcrawexx crwxaext wxxacert tcxwxare txwceaxr cxwaxter 
asaehqbqkdym aqshqaydbmke aqhsqymekadb bksqamaqdyeh ayakdsbeqmhq mdkqaqhyebsa dqybkseqmhaa mkaqydshbaeq sadhkymbaqqe aedbkhmqsqya bsqkmaahqyed yasdakhmqebq msqahbyqakde sqyaemhqbkad ambyaeqkdshq beamasyqkhqd ashaqdkyeqmb aaqyebdksmqh kshqmaebaydq haqeqaksbmdy eqshqakbamyd eqhmaabyqsdk yksqedabahqm qehdbqyaamsk bkdeyqhsamqa aqsqbdaehmyk bhqamykqsdae hqykeadsmabq bkhqesydaqma kbsdayhqqaem sahbkqemyadq akqeshaymqdb heykqabamsdq hyqabmqseakd aqymabshkeqd ybqaeqdmashk qymdakebqhsa edhkqambsqya ybkesaaqqhdm sqamhadyqekb asdkahbqemqy hdybamekasqq abmhykeqasqd yhkbqaadmeqs skhamabeqqyd eaqmqkhysabd saakyedqqhbm ydsqkhaebamq dqmyhsaeqbka myhkdaqesaqb syhaaqqdmkeb kmqeydqhsaab yakqseqbmahd ksaehmbaqydq bqqmehayskda mesbhdqaakyq dqmksayqhabe dqhaykmqseba sehqyadkamqb qdhmqsaabeyk msqabhyqeakd hyqdeqkmsbaa qakmdsyhbaqe yshbadkqqmea dhqymkaqbsae kmqhdyqaaebs mayqaeqhkbsd meykshaqdbaq 
urkgpfnxpphgojyt kxgpjgpytornhupf nrojthypufgxppkg ggpfyxtuokhpjnpr progthpxyfnujpkg ophtyjxfnppgrkug rxfytuhpgkgpjpon puonxgrjfppgtkhy ugrphfyjgtxnppok xpgpfkujytohrnpg ppkgjryutxngohfp ufhpgyrptpoxnkjg pfyprxpgoutknhgj puhgpfokgxtnyprj kytgurpnjpgofxph fknhxygpugrppotj gpxorfuknppjtghy gxopkppfyuhjngtr konyruhpgfxptpgj prxptfuopykghjng ruyfpkgtphpogjxn xnpyjpuoggrftpkh utypoxfrjnhppggk opfxytgpghunjrpk uhxfptkrongjgppy upktrfjgypxpgnho kugrphnxtjppgfoy pnhrkpjtpoygxfug puohgjpngtrfkxyp tnoukxrpygfpphgj gfnpprhutgxoyjpk xroknpuggtypfpjh jfhpxpnggypukrto yggtpofxhnurkppj hxgoyfgjpptnpukr pfgnjyhkppgortxu pfopuggtphknrxjy fkrhgjgtopxpupny kojytgpxgruphfnp gokgxfppnthjpyur kouyhgtpxgnjfppr prpyguktxopjnghf rtkoxugnpgpyjfph ugtxongypfpjkphr tpxungjypgrofphk gnpojxfhpkugtpry rnpjxftpoupghkyg yxghfpppungktorj tjunfpghxprkopgy fhuntkpgpjrgyoxp uyrgtxjghnoppfkp ptjpnrkfhxpgyogu upppgnyrghojxtkf rypnkghfxgjpoptu xtypfronujhkpggp youxrhpggfpjtnpk yrnpgxopjpguhkft krfgyxhppjponutg fxujpgprkhptygno xknpyprfjtgpough pgutrxjohppgyknf xpgtyfgrpukohjnp jpfnhutoxrgygkpp jpnuxftkgrygppoh ytfpougghkrpjnxp gxukprojtygnfpph uxkggfntyoppphjr jgfruyptongpkhxp gpnxkpufgyprojth gphppognrxtujfky phgfynpgujrtoxkp pfnyjguktghorpxp puxgpyfktgronhjp yoxjguphfpptrgnk ggptonpurhjpyfkx ntxrkpugopjfghyp rutpgxkgjpfhyonp nkupxtrhgjfypgpo pfgrtpokpnxyguhj tpppyxrgnohjkufg oppjhfkxrygtnpgu ygofknpgruthjppx pugoppkrfjhxgnyt ukpopxygjftphnrg koxjtprnfugyphpg outnykhpfgjpprgx ppgkyrfnpthxjgou rupphjygngxkopft hfkjyugrpgnxotpp gpkyrpuhofgpjxtn ourppkfxnjythggp pujrgotxpyfghnkp ujpoggpprhxfkynt pnogfjkxhypptgru ofpgkthpjunyxpgr gopjfupnkyrxhtpg kpujxynptpohgrgf pupghpxnkfjrogty gpfprntohkxgjpyu fprxogukthpygjnp ggfyuxppphktnjro gpphorjtukxfpyng houfgpyppjrtnkgx pofkyphprugxtgnj upjgnfhxkoygptpr pgjnoxpufkthrgpy grjnkxfyuppoptgh ngyuxgtfhpjorppk gnxpjfhupyotkgrp xojhpnggpkuytrfp oprfnphtugpjyxkg uggkpnroypfjtphx tkghnfprgxupjoyp ptfoynhkgjuprpgx ytgjpfphkpgnxoru jpxrohgpgfnukpyt khpunrgjpyogpfxt phogkgtrufppnyjx fpjnggppxkhtoyur okxrtfujpnhpggyp fyjpxpuntrkgopgh ukgftojhnyxppgrp pokpxnrpgfjgtuyh rohtxupjfpgkpgyn gfunhojxyktppgrp gtpryjxhopgpkfun yghujfntxppkgpor fjkutyonppxgrgph ygxupkjtpfgronph xkyhotpngujpfrgp ppujxghfynokpgrt yptohkpgjguxfpnr kyhnprufjxppgogt tjpnghprgufxypko opgphgypfnxkurtj jrupkgypongftpxh gjpunfyxhtpokprg fyhorpggppxknutj pnfopugprkgyhxtj ojunppphgftxgkyr purtypgjpgkofxnh ghofuptrykpgpjxn pkuypprxoghftjng pgprnhufjoxytkgp kppoytggjxrnphuf uopjgfprygnhpkxt rgkjxhnoypuptgpf hypokppxjrtnfggu tkhgjpxpgonurpfy kpguxrppghtfjony krgfhntugpojppyx hpugrnpjtfopxykg gxpuojfkntpgpryh hpfopjxrpukggynt gkhxfprtopnygjpu hrpuxokpptgngfyj ujyopprggtpnhfxk tgogppkuhyrpxfjn fgrkxhopyjtgupnp fxgjkppnupogthry gtfkgpoxupyhprjn xojpgnhgtkupfypr rfpggkonjpxupyht khgnpfpuytogrjpx fnxptujorpgyhpkg frppkoxnggjuythp pgokxyrjpfnutgph jgrufpphygnxopkt pyhokrngftgppxju ppktngghuyorjxpf unrpyhjgfogpkxpt khxjrgutpnpyfpgo uotpgrgkhppfynjx nfprkypuggxjohtp fppyptgnruhgjkox tnfxopgpguyprkhj tnoxkppyphggrfju puygptgxjprfkhno upojppxggfykhrtn kjxgntofpyhrgppu jgnokxrfpphptygu jkupxftpggpnhyro gupxfgkpptyhrjon phypuktgjxgponrf prpjtpgkuynxfhgo ptpyxpknhruojgfg oufjppgtkhxyrpng oygntpxuhgpfkpjr gxkyjnhroppgtufp gnkptrpjgufophxy gpktoxgupjhpyfrn tkgxpgjnhyofpurp nppkxrgyfgtpohuj tfogpynjrppxkugh tgpnoruyphjgxpfk uphkptfygxrpojgn ghfpxkojntuyrgpp fnpghgytpxurojpk gopnjkpuhpfxgytr 
nk kn kn kn kn nk nk nk 
0
0
mir 
rfkuku rkkuuf furukk furkku uukkfr krkufu uufkkr kufukr fkukur fkurku kukufr 
bd 
dylrubwdon dubwylnodr woldndybur ludodnrybw brdwuodnyl uwbdlyndro dyworbundl dnldyorbwu dbwonrdlyu dwonluydbr 
0
0
vyasvsgg svagvsgy vssgavyg sygsvgav 
kxbujwwq jkqwbwxu jwqwkubx wwjqbkxu wjxkqbuw bwqkwuxj kxwubwqj wuxqkwbj uwwxjqbk wxbjqkwu xqwwkujb wwbkjxqu buwqwjxk wujwbxkq qjwkbuxw 
0
0
xsgiycbd sgxdybci xbgcyisd iycgdsbx xgysbcid gydsbxci sibdxygc dgsbxcyi idgxysbc dxyicgbs igcxdbsy dsixbgyc 
p p p p p p p p p p p p p p p p p p p 
eeji ejei ijee 
fva vfa 
0
0
mdqhlnivmsjwzgauaytr gdmwimaaslzrjvnhytqu zmslaqtagywimuvjdnrh hmtiyvlgausndqarmzwj ymthszawumqarvgljidn hszvlgyuwnrdqammitja wlnmijsmhrqatzdvgyau nihtdmluqrzjysmavawg gtanlhiyqrzsaujvmwdm idgsvjwmurlzhmyaqnat slagqmjztyvdamuhiwnr ydgqimvjslahunaztmrw ranthuglajszvimqwydm nilrmavdytgjqhamwszu vnhtyrumjlagwzdsqiam muqstjyhgmlnzradvawi mvrtandmyhiauzjqswlg dntsiumqramyawgvhlzj huvqmaaimsyjtgdwrzln dwtsjmvunazrmhiygqla mjvtaazurdqmlnsgiywh rdvsyhamtnwgzjuqialm unamwdztymlvjishraqg svmdjitlqrgnazyawmuh hiudmrnymlasjtaqgzvw dgrliahammnywqzsvjut iavqsznmdglyrhawtjmu ahtinavsydgwjzmmlqur ayndvtujwislrhmzqgam vignlryquwhzamdasmjt snuzjmqaitmylrhgadvw gsmdahimqatnvzwrjuyl yqwgianzmsthualvmrjd qzisrwmvjglmudnhatya igulwatvjqzamyhdsmrn tgymlszwajnvadurhiqm rjszmdlqnhauitgyavmw aiwdhnugmrvtmzsajlqy ryzujnsmwmadglahqivt lqusmnzhtjgdaiarvwym vqzmmhaitaljwsygndru masvtidyazrnmhgwlqju uthadqsnwmjrzglvmiya hulqtrajgysnvwdazmim zmimsvudynaatlhqjgrw hwgvmszajatqurildmyn gsaqtwzriymjavldhumn dnvastjmqrgumiwhyzal zusynlmrivajwqhdtmag asmntzrghmqajwuiyldv snyjvrguaqmdhlzamtiw vrzwsmidgqamynulatjh madtygjqhauzlinsmvwr ahrzumytgavdnqmijwsl uhgyadtliavsnzwjqmmr zaduhranlwgmimqtsjyv uagzsrndtwvlayqhmjim yjhvlmsdzugawrnmaiqt mlqazmatwsugrnidjyvh atmsmluyzdrinhvaqjwg hyrqtgdvnzjumasmlwia uvqjgwlaymdtzanhrism tjuinayrzqvdhgmlasmw vnalgtydqrujzaimmswh ajagzntmdulyvwirqhms gamhryzjvndqamswuilt jhmtzsvdnmgaiqlawuyr qutamlzdhamwyrnivjgs zawtdrmjhqmgualsiynv sztyjiglhnrqvwammuad umvmynwlzasqtaihrjdg iqzsrmjayhdwlungtamv srmdgutyvjazmiqnlhwa tvmhzrqynmadagswiulj tgsdnuhimjamarvyzqwl jdtyvmuzsilqganhmarw zumvjyhgqsinmlrtwaad yzaqaldrjnsugmhmwvti vsnmuqlayizgahdjmrtw muhgjsiryalvqazwtmnd dmhayrzaijglnuwtqsvm mtyanvwarudzlsmqjgih amujnsdzmgltyrqawhvi mqdyavnhliuwtsragzmj jqgnvrstumailyhmzdaw vwalritmjqmhansdygzu quailtjgvsymzdanmhrw yqthsaladnrgwuijmzmv jhmnsmiayvldurqtgawz hsnizvgqrlduyaajmmtw smyvadlhzwgairjtqnum zqsivnylhdtawmujgrma zrmanghvyidluqjtsmaw uazharlytsdgiqnjmmwv gaqtrdmwljianymvszuh dmsigwuhayjzaqnrmltv gvqymldinazmtuhrawsj ynmzgvsajimutdhqlrwa sganjvrwuldmhzqaimty unahjwdrzmivqlgmtsya qjstizgvuwrhnmlymaad jumqlhgnvwadtmyaizsr ulzqvwdmsgayrtjinahm 
jgwazaoxtmngkzq zwxojnkagqzmatg azwkonqgzmtxgaj wzajznmgxokgatq xwmnoqjzkgtzaag aqjtwnoxgzazkmg nmqggxktwazazjo wmxokaggnjazzqt txoqzgwkznmjaga zqwxgztokgjaman anxozwmzqkagjgt jqaxmzngowtgazk owqztajazxkngmg aqzxmanowgztkjg jgomnwqaztazkgx wzanoqgtxzkgjam kznxaogmwjzaqgt kmaoggzjatzqwnx tjgxongzmwakqaz xtjozgaqwgznmak agzazknwmjxtoqg zxamznjatogwkgq qazgmnxjzgwakto txwzngakjozaqgm zxjtgaqkonamzgw owaznkzmjqtxgag qgojzmnagkxtzaw gqakjmzzgxantow agoqxmakzgjwtzn xaggzqtwakojznm wgkgmozjnazqxta mjgaktzxaqgownz ogtzajgkqxnwzam noxzqktjaamzggw zjqmxkggaanwzto zjwxkaqmngaotzg wggakzxztoqmjan jkgmoazqgzxtnwa gqmxajzkotgnwaz agkwgotqjazxznm gxatamwnzqojgkz gkxantmwoagqjzz gaojazmzgktwnqx ajxkgqmzztwgnao zkwatmzoangxqjg atmjanqgzgowzkx xtkqjanzomggzwa aokgzqxzwjtnagm magqzxkwjtgaonz gxmjzwnqgaaozkt kgojwgqazxzmatn zgwatkajgzmqoxn zjxtkgaazwqngom zxoaakqmgjnwgzt qtaajnzmowkggzx mtzgjaonqwgkaxz gojtagnwqakxmzz gatnmgzqoakzwxj zmoaxzqtkjgwagn axaznkqgmgzotwj zgqgxwjkoamtnza gxkgjzaqmotwanz wgqakozzxtagnmj xqwktgzzmnoajag qwonzztagmkjxag jamztxnoazkqgwg nqojmaktzxagwzg aqktzjamgngzowx mwjgnzqotxzagak woazxnmqzgjkagt jxzzmwoggaaqktn zjowqnataxggzkm wtamnqxjzzgakog axkqnzoaggjztmw wxqkazaggztnomj qaggtajxmzwknoz aozanxzwtjkgmgq wtjznxagkoqzgam qzxtgwzokjamgan agjwoamqkznxgtz wmtaqazzknxjogg wgqxoazgzjkamnt gxzjtwgzkqmaona oajkztzgamqnxgw mnaotgzawqxkzgj amkawnzjxogtqzg qoawtmxgzjkazng naktgxwmoajgzqz ktanjgagzmxoqzw xqkmnjgzawtaogz zqjgazkxamwgnto akzgznqxtomgwja gmnzxgaawztkqoj azkgnzmjwotxaqg kazjoxngwmzgaqt zgozkngqjmtxwaa 
dqnpeblnwgqajlzq edlnjawqzlqngbpq qlbwqngapldnzqje qwqbeldnanzpqjlg nlqnadlezbqwgpqj qnpwdqzlbleagqjn bgleaqwjpzlnnqqd jplgbnqznldaqqew nqqwazdgnlqbpelj qwdalgnzqplqenjb gqqjwqadebpnzlln edgqbzqpajlwnnql lbgezwlqnjqdqpan gpajeqqzbqldnwln qdjlqnpnbwzqaleg jbzngqnqpedwlaql nqgwenqqzdjpblal zdnbqpqwljenaqgl wpabqlqnlqejzdng dnjqqblwepngazlq nelnbjpgdqqqalwz ebznqwganqlqpdjl nnwbgzqldpqleqaj zplbdeanljqqwgnq nlegjlzbaqdqnpqw adnqgnqpqwelbljz lbnpdlanqqqjwzge eanqgndjwlqpzbql lgzjnqneqwpqblad wlgejqzbnqndaqlp qnlpnwalebzjqgdq jelqlwzandpnqgqb jqaeqgpdnznlwqlb nqjnedwpqallgqbz agwqdlpqnebqjlzn qgepnwlnzaqjlqdb 
y y y y y y y y y y y y y y y y y y y 
bllvyezmkjfnkxmn lzfyvkmkblnemxnj eynzknklbfmjxvlm knfxnyzljvmlmbek lkljnzxmkyebnfmv nxlmkklebvfjzymn ynflejkznlmkvmbx blmexynkzknfmvjl xnyzllbjnvefkmkm vbjlkmyelfmnzxnk nyevkflbnmzxkmjl ynnflmmvljzxkbek leflvnnjmxkzmbyk fkvmkmjyelbxznln kknjflbxyemznvml kzbkjmxnvyenlmfl mjbmlzvfnelyxkkn bmnyxvljmekfknzl mnblvnflkxjkmzye lkkzjnlbnvfxyemm knmyvbeljflxmkzn kmvymlejknnzxblf vmykblnemxjfnklz bevxnjkzmnflylmk ebmzlvmlxjkynfnk vmjxzyblkkflnenm lmeyjnvzxkfnmlkb ekxvmknflyzjbnlm nknxzvbyejfkmmll lfkenxkvyzmlmnjb jmnvlklfzebkxymn mjkybkmzxneflnlv yzemxllnjmkfvnkb llkjynmmkxnfbvze mflekjlnxmkybzvn fblymnlzvnjkxmke mlvlnzmxybfenkjk jlxmnknyvlemzkfb jyfmbvmzkllnkenx zfxyvmmekkblnlnj ylkxnzevjblmfknm lkenzlbykxmfnvmj nkxblmykevfzjnml lmejflxznykbmnvk enmkzmjnkxyfllbv flbjkxyvnenkmzml xklelvmyjfmnbnzk kbyjxnkzmmelvfnl vmznejymlkflbknx kynzmlnejvkbfmxl keyxlzvjmmlfnbkn xkkylnfjznmvebml ynlzfxlvmnjkmekb xklvzbfmnknejmly lkbvnmnzxflmkejy zyblelnkkjnmxmvf lxmnjkklbmnfzyve xklnynlmjzmkfveb lkejyxmmnbvflznk bmfkemyknzljnvlx nkxezblnljvymfmk kfmlbnnyevxkmzlj lfemnxknmjlyzkvb kfemnblzynvljxmk knzxvkfnbemllymj nmkfjklemvlyxnzb fknzmmljnlbvxyke 
czeecccnj jcecenczc 
0
0
s s s s s s s s s s s s s s s s s s s s 
0
0
ab ab 
0
f f f f f f f f f f f f f f f f f f f f f 
0
0
0
n n n n n n n n n n n n n n n n n n 
0
0
0
0
0
0
0
0
0
0
0
0
0
0
0
0
0
c c c c c c c c c c c 
c c c c c c c c c c c 
0
0
0
0
0
0
0
0
0
0
0
0
0
z z z z z z z z z z z z z z z z z z z z 
0
0
0
0
0
0
0
0
0
0
x x x x x x x x x x x x x x x x x x x 
0
0
0
0
0
0
pew 
0
0
0
g g g g g g g g g g g g g g g g g g g g g g g g g g g 
0
0

0
0
0
0
0
0
ej ej je 
0
0
0
0
yko koy 
0
0
0
0
0
0
0
ia ai 
0
0
0
0
0
0
0
0
krn 
0
0
z z z z z z z z z z z z z z z z z z z z 
0
0
0
0
ta ta 
0
0
0
0
0
0
0
0
0
0
0
0
0
0
0
0
0
0
0
0
j j j j j j j j j j j j j j j j j j j j j j j j j j j j j j j j 
0

0
0
0
0
0
0
z z z z z z z z z z z z z z z z z z z z 
0
0
0
0
0
0
0
0
0
0
os 
0
0
0
m m m m m m m m m m m m m m m m m m m 
0
0
l l l l l l l l l l l l l l l l l l 
0
0
0
0
0
0
su su 
0
0
0
0
0
0
0
0
0
0
0
0
0
0
0
0
0
0
0
0
0
0
0
0
0
0
0
0
0
0
0
unz 
0
0
0
0
0
0
0
0
0
0
0
0
0
0
0
0
0
0
0
0
j j j j j j j j j j j j j j j j j j j j j j j j j j j j j j j j 
0
0
0
ou 
0
0
0
0
0
0
o o o o o o o o o o o o o o o o 
0
0
0
0
0
0
0
0
0
0
0
k k k k k k k k k k k k k k k k k k k k k k 
eb 
0
0
a a a a a a a a a a a a a a a a a a a 
0
0
0
0
0
0
0
0
0
0
0
0
0
0
0
0
0
0
0
xshb 
0
0
0
0
0
rn rn 
0
0
0
0
0
0
0
x x x x x x x x x x x x x x x x x x x 
0
0
0
q q q q q q q q q q q q q q q q 
ek ke 
0
0
0
0
0
0
